2016-04-23 02:44:14.405+0000 INFO  [o.n.k.InternalAbstractGraphDatabase]: No locking implementation specified, defaulting to 'community'
2016-04-23 02:44:14.516+0000 INFO  [o.n.k.i.DiagnosticsManager]: --- INITIALIZED diagnostics START ---
2016-04-23 02:44:14.519+0000 INFO  [o.n.k.i.DiagnosticsManager]: Neo4j Kernel properties:
2016-04-23 02:44:14.522+0000 INFO  [o.n.k.i.DiagnosticsManager]: store_dir=resources/database_movie_recommend_neo4j.db
2016-04-23 02:44:14.522+0000 INFO  [o.n.k.i.DiagnosticsManager]: ephemeral=false
2016-04-23 02:44:14.523+0000 INFO  [o.n.k.i.DiagnosticsManager]: Diagnostics providers:
2016-04-23 02:44:14.523+0000 INFO  [o.n.k.i.DiagnosticsManager]: org.neo4j.kernel.configuration.Config
2016-04-23 02:44:14.523+0000 INFO  [o.n.k.i.DiagnosticsManager]: org.neo4j.kernel.info.DiagnosticsManager
2016-04-23 02:44:14.523+0000 INFO  [o.n.k.i.DiagnosticsManager]: SYSTEM_MEMORY
2016-04-23 02:44:14.523+0000 INFO  [o.n.k.i.DiagnosticsManager]: JAVA_MEMORY
2016-04-23 02:44:14.523+0000 INFO  [o.n.k.i.DiagnosticsManager]: OPERATING_SYSTEM
2016-04-23 02:44:14.524+0000 INFO  [o.n.k.i.DiagnosticsManager]: JAVA_VIRTUAL_MACHINE
2016-04-23 02:44:14.524+0000 INFO  [o.n.k.i.DiagnosticsManager]: CLASSPATH
2016-04-23 02:44:14.524+0000 INFO  [o.n.k.i.DiagnosticsManager]: LIBRARY_PATH
2016-04-23 02:44:14.524+0000 INFO  [o.n.k.i.DiagnosticsManager]: SYSTEM_PROPERTIES
2016-04-23 02:44:14.524+0000 INFO  [o.n.k.i.DiagnosticsManager]: NETWORK
2016-04-23 02:44:14.524+0000 INFO  [o.n.k.i.DiagnosticsManager]: System memory information:
2016-04-23 02:44:14.531+0000 INFO  [o.n.k.i.DiagnosticsManager]: Total Physical memory: 4.00 GB
2016-04-23 02:44:14.532+0000 INFO  [o.n.k.i.DiagnosticsManager]: Free Physical memory: 14.45 MB
2016-04-23 02:44:14.534+0000 INFO  [o.n.k.i.DiagnosticsManager]: Committed virtual memory: 4.74 GB
2016-04-23 02:44:14.535+0000 INFO  [o.n.k.i.DiagnosticsManager]: Total swap space: 2.00 GB
2016-04-23 02:44:14.537+0000 INFO  [o.n.k.i.DiagnosticsManager]: Free swap space: 798.50 MB
2016-04-23 02:44:14.538+0000 INFO  [o.n.k.i.DiagnosticsManager]: JVM memory information:
2016-04-23 02:44:14.539+0000 INFO  [o.n.k.i.DiagnosticsManager]: Free  memory: 70.05 MB
2016-04-23 02:44:14.539+0000 INFO  [o.n.k.i.DiagnosticsManager]: Total memory: 109.50 MB
2016-04-23 02:44:14.539+0000 INFO  [o.n.k.i.DiagnosticsManager]: Max   memory: 910.50 MB
2016-04-23 02:44:14.542+0000 INFO  [o.n.k.i.DiagnosticsManager]: Garbage Collector: PS Scavenge: [PS Eden Space, PS Survivor Space]
2016-04-23 02:44:14.545+0000 INFO  [o.n.k.i.DiagnosticsManager]: Garbage Collector: PS MarkSweep: [PS Eden Space, PS Survivor Space, PS Old Gen]
2016-04-23 02:44:14.548+0000 INFO  [o.n.k.i.DiagnosticsManager]: Memory Pool: Code Cache (Non-heap memory): committed=5.56 MB, used=5.48 MB, max=240.00 MB, threshold=0.00 B
2016-04-23 02:44:14.548+0000 INFO  [o.n.k.i.DiagnosticsManager]: Memory Pool: Metaspace (Non-heap memory): committed=16.75 MB, used=16.43 MB, max=-1.00 B, threshold=0.00 B
2016-04-23 02:44:14.549+0000 INFO  [o.n.k.i.DiagnosticsManager]: Memory Pool: Compressed Class Space (Non-heap memory): committed=2.25 MB, used=2.15 MB, max=1.00 GB, threshold=0.00 B
2016-04-23 02:44:14.549+0000 INFO  [o.n.k.i.DiagnosticsManager]: Memory Pool: PS Eden Space (Heap memory): committed=64.00 MB, used=14.66 MB, max=336.00 MB, threshold=?
2016-04-23 02:44:14.550+0000 INFO  [o.n.k.i.DiagnosticsManager]: Memory Pool: PS Survivor Space (Heap memory): committed=2.50 MB, used=2.47 MB, max=2.50 MB, threshold=?
2016-04-23 02:44:14.550+0000 INFO  [o.n.k.i.DiagnosticsManager]: Memory Pool: PS Old Gen (Heap memory): committed=43.00 MB, used=22.32 MB, max=683.00 MB, threshold=0.00 B
2016-04-23 02:44:14.550+0000 INFO  [o.n.k.i.DiagnosticsManager]: Operating system information:
2016-04-23 02:44:14.552+0000 INFO  [o.n.k.i.DiagnosticsManager]: Operating System: Mac OS X; version: 10.11.3; arch: x86_64; cpus: 4
2016-04-23 02:44:14.553+0000 INFO  [o.n.k.i.DiagnosticsManager]: Max number of file descriptors: 10240
2016-04-23 02:44:14.554+0000 INFO  [o.n.k.i.DiagnosticsManager]: Number of open file descriptors: 65
2016-04-23 02:44:14.554+0000 INFO  [o.n.k.i.DiagnosticsManager]: Process id: 4472@LiudonghuaMacBook-Air
2016-04-23 02:44:14.554+0000 INFO  [o.n.k.i.DiagnosticsManager]: Byte order: LITTLE_ENDIAN
2016-04-23 02:44:14.554+0000 INFO  [o.n.k.i.DiagnosticsManager]: Local timezone: Asia/Shanghai
2016-04-23 02:44:14.554+0000 INFO  [o.n.k.i.DiagnosticsManager]: JVM information:
2016-04-23 02:44:14.555+0000 INFO  [o.n.k.i.DiagnosticsManager]: VM Name: Java HotSpot(TM) 64-Bit Server VM
2016-04-23 02:44:14.557+0000 INFO  [o.n.k.i.DiagnosticsManager]: VM Vendor: Oracle Corporation
2016-04-23 02:44:14.557+0000 INFO  [o.n.k.i.DiagnosticsManager]: VM Version: 25.65-b01
2016-04-23 02:44:14.557+0000 INFO  [o.n.k.i.DiagnosticsManager]: JIT compiler: HotSpot 64-Bit Tiered Compilers
2016-04-23 02:44:14.559+0000 INFO  [o.n.k.i.DiagnosticsManager]: VM Arguments: [-Dfile.encoding=UTF-8]
2016-04-23 02:44:14.559+0000 INFO  [o.n.k.i.DiagnosticsManager]: Java classpath:
2016-04-23 02:44:14.563+0000 INFO  [o.n.k.i.DiagnosticsManager]:  [classpath + loader.0] file:/Users/liudonghua/.m2/repository/commons-io/commons-io/2.4/commons-io-2.4.jar
2016-04-23 02:44:14.563+0000 INFO  [o.n.k.i.DiagnosticsManager]:  [bootstrap] /Library/Java/JavaVirtualMachines/jdk1.8.0_65.jdk/Contents/Home/jre/lib/sunrsasign.jar
2016-04-23 02:44:14.563+0000 INFO  [o.n.k.i.DiagnosticsManager]:  [classpath + loader.0] file:/Users/liudonghua/.m2/repository/org/parboiled/parboiled-core/1.1.7/parboiled-core-1.1.7.jar
2016-04-23 02:44:14.563+0000 INFO  [o.n.k.i.DiagnosticsManager]:  [bootstrap] /Library/Java/JavaVirtualMachines/jdk1.8.0_65.jdk/Contents/Home/jre/lib/jce.jar
2016-04-23 02:44:14.563+0000 INFO  [o.n.k.i.DiagnosticsManager]:  [loader.1] file:/Library/Java/JavaVirtualMachines/jdk1.8.0_65.jdk/Contents/Home/jre/lib/ext/sunec.jar
2016-04-23 02:44:14.563+0000 INFO  [o.n.k.i.DiagnosticsManager]:  [classpath + loader.0] file:/Users/liudonghua/.m2/repository/org/springframework/data/spring-data-neo4j/3.4.4.RELEASE/spring-data-neo4j-3.4.4.RELEASE.jar
2016-04-23 02:44:14.563+0000 INFO  [o.n.k.i.DiagnosticsManager]:  [classpath + loader.0] file:/Users/liudonghua/.m2/repository/org/neo4j/neo4j-graph-algo/2.2.5/neo4j-graph-algo-2.2.5.jar
2016-04-23 02:44:14.563+0000 INFO  [o.n.k.i.DiagnosticsManager]:  [classpath + loader.0] file:/Users/liudonghua/.m2/repository/org/springframework/spring-expression/4.2.5.RELEASE/spring-expression-4.2.5.RELEASE.jar
2016-04-23 02:44:14.563+0000 INFO  [o.n.k.i.DiagnosticsManager]:  [classpath + loader.0] file:/Users/liudonghua/.m2/repository/org/neo4j/neo4j-cypher-compiler-2.2/2.2.5/neo4j-cypher-compiler-2.2-2.2.5.jar
2016-04-23 02:44:14.563+0000 INFO  [o.n.k.i.DiagnosticsManager]:  [classpath + loader.0] file:/Users/liudonghua/.m2/repository/org/neo4j/neo4j-kernel/2.2.5/neo4j-kernel-2.2.5.jar
2016-04-23 02:44:14.563+0000 INFO  [o.n.k.i.DiagnosticsManager]:  [loader.1] file:/Library/Java/JavaVirtualMachines/jdk1.8.0_65.jdk/Contents/Home/jre/lib/ext/zipfs.jar
2016-04-23 02:44:14.563+0000 INFO  [o.n.k.i.DiagnosticsManager]:  [classpath + loader.0] file:/Users/liudonghua/.m2/repository/org/neo4j/neo4j-consistency-check/2.2.5/neo4j-consistency-check-2.2.5.jar
2016-04-23 02:44:14.563+0000 INFO  [o.n.k.i.DiagnosticsManager]:  [classpath + loader.0] file:/Users/liudonghua/.m2/repository/aopalliance/aopalliance/1.0/aopalliance-1.0.jar
2016-04-23 02:44:14.563+0000 INFO  [o.n.k.i.DiagnosticsManager]:  [classpath + loader.0] file:/Users/liudonghua/.m2/repository/org/aspectj/aspectjrt/1.8.8/aspectjrt-1.8.8.jar
2016-04-23 02:44:14.563+0000 INFO  [o.n.k.i.DiagnosticsManager]:  [bootstrap] /Library/Java/JavaVirtualMachines/jdk1.8.0_65.jdk/Contents/Home/jre/lib/jsse.jar
2016-04-23 02:44:14.563+0000 INFO  [o.n.k.i.DiagnosticsManager]:  [classpath + loader.0] file:/Users/liudonghua/.m2/repository/org/slf4j/log4j-over-slf4j/1.7.16/log4j-over-slf4j-1.7.16.jar
2016-04-23 02:44:14.563+0000 INFO  [o.n.k.i.DiagnosticsManager]:  [classpath + loader.0] file:/Users/liudonghua/.m2/repository/org/springframework/spring-core/4.2.5.RELEASE/spring-core-4.2.5.RELEASE.jar
2016-04-23 02:44:14.564+0000 INFO  [o.n.k.i.DiagnosticsManager]:  [classpath + loader.0] file:/Users/liudonghua/.m2/repository/org/neo4j/neo4j-graph-matching/2.2.5/neo4j-graph-matching-2.2.5.jar
2016-04-23 02:44:14.564+0000 INFO  [o.n.k.i.DiagnosticsManager]:  [classpath + loader.0] file:/Users/liudonghua/.m2/repository/org/neo4j/neo4j-lucene-index/2.2.5/neo4j-lucene-index-2.2.5.jar
2016-04-23 02:44:14.564+0000 INFO  [o.n.k.i.DiagnosticsManager]:  [classpath + loader.0] file:/Users/liudonghua/.m2/repository/javax/validation/validation-api/1.1.0.Final/validation-api-1.1.0.Final.jar
2016-04-23 02:44:14.564+0000 INFO  [o.n.k.i.DiagnosticsManager]:  [bootstrap] /Library/Java/JavaVirtualMachines/jdk1.8.0_65.jdk/Contents/Home/jre/lib/charsets.jar
2016-04-23 02:44:14.564+0000 INFO  [o.n.k.i.DiagnosticsManager]:  [classpath + loader.0] file:/Users/liudonghua/.m2/repository/org/hibernate/hibernate-validator/5.2.4.Final/hibernate-validator-5.2.4.Final.jar
2016-04-23 02:44:14.564+0000 INFO  [o.n.k.i.DiagnosticsManager]:  [classpath + loader.0] file:/Users/liudonghua/.m2/repository/org/springframework/spring-aspects/4.2.5.RELEASE/spring-aspects-4.2.5.RELEASE.jar
2016-04-23 02:44:14.564+0000 INFO  [o.n.k.i.DiagnosticsManager]:  [loader.1] file:/Library/Java/JavaVirtualMachines/jdk1.8.0_65.jdk/Contents/Home/jre/lib/ext/sunpkcs11.jar
2016-04-23 02:44:14.564+0000 INFO  [o.n.k.i.DiagnosticsManager]:  [classpath + loader.0] file:/Users/liudonghua/.m2/repository/org/springframework/boot/spring-boot-starter/1.3.3.RELEASE/spring-boot-starter-1.3.3.RELEASE.jar
2016-04-23 02:44:14.564+0000 INFO  [o.n.k.i.DiagnosticsManager]:  [classpath + loader.0] file:/Users/liudonghua/.m2/repository/org/springframework/spring-tx/4.2.5.RELEASE/spring-tx-4.2.5.RELEASE.jar
2016-04-23 02:44:14.564+0000 INFO  [o.n.k.i.DiagnosticsManager]:  [bootstrap] /Library/Java/JavaVirtualMachines/jdk1.8.0_65.jdk/Contents/Home/jre/lib/rt.jar
2016-04-23 02:44:14.564+0000 INFO  [o.n.k.i.DiagnosticsManager]:  [classpath + loader.0] file:/Users/liudonghua/.m2/repository/org/neo4j/neo4j-cypher-compiler-2.0/2.0.4/neo4j-cypher-compiler-2.0-2.0.4.jar
2016-04-23 02:44:14.564+0000 INFO  [o.n.k.i.DiagnosticsManager]:  [classpath + loader.0] file:/Users/liudonghua/.m2/repository/org/parboiled/parboiled-scala_2.10/1.1.7/parboiled-scala_2.10-1.1.7.jar
2016-04-23 02:44:14.564+0000 INFO  [o.n.k.i.DiagnosticsManager]:  [loader.1] file:/Library/Java/JavaVirtualMachines/jdk1.8.0_65.jdk/Contents/Home/jre/lib/ext/nashorn.jar
2016-04-23 02:44:14.564+0000 INFO  [o.n.k.i.DiagnosticsManager]:  [classpath + loader.0] file:/Users/liudonghua/.m2/repository/org/springframework/boot/spring-boot-autoconfigure/1.3.3.RELEASE/spring-boot-autoconfigure-1.3.3.RELEASE.jar
2016-04-23 02:44:14.564+0000 INFO  [o.n.k.i.DiagnosticsManager]:  [loader.1] file:/Library/Java/JavaVirtualMachines/jdk1.8.0_65.jdk/Contents/Home/jre/lib/ext/localedata.jar
2016-04-23 02:44:14.564+0000 INFO  [o.n.k.i.DiagnosticsManager]:  [classpath + loader.0] file:/Users/liudonghua/.m2/repository/org/slf4j/jul-to-slf4j/1.7.16/jul-to-slf4j-1.7.16.jar
2016-04-23 02:44:14.564+0000 INFO  [o.n.k.i.DiagnosticsManager]:  [classpath + loader.0] file:/Users/liudonghua/.m2/repository/org/neo4j/neo4j/2.2.5/neo4j-2.2.5.jar
2016-04-23 02:44:14.564+0000 INFO  [o.n.k.i.DiagnosticsManager]:  [classpath + loader.0] file:/Users/liudonghua/.m2/repository/org/neo4j/neo4j-cypher-dsl/2.0.1/neo4j-cypher-dsl-2.0.1.jar
2016-04-23 02:44:14.564+0000 INFO  [o.n.k.i.DiagnosticsManager]:  [classpath + loader.0] file:/Users/liudonghua/.m2/repository/org/neo4j/neo4j-udc/2.2.5/neo4j-udc-2.2.5.jar
2016-04-23 02:44:14.564+0000 INFO  [o.n.k.i.DiagnosticsManager]:  [classpath + loader.0] file:/Users/liudonghua/.m2/repository/net/sf/opencsv/opencsv/2.3/opencsv-2.3.jar
2016-04-23 02:44:14.564+0000 INFO  [o.n.k.i.DiagnosticsManager]:  [classpath + loader.0] file:/Users/liudonghua/.m2/repository/org/springframework/spring-aop/4.2.5.RELEASE/spring-aop-4.2.5.RELEASE.jar
2016-04-23 02:44:14.564+0000 INFO  [o.n.k.i.DiagnosticsManager]:  [loader.1] file:/Library/Java/JavaVirtualMachines/jdk1.8.0_65.jdk/Contents/Home/jre/lib/ext/jfxrt.jar
2016-04-23 02:44:14.564+0000 INFO  [o.n.k.i.DiagnosticsManager]:  [bootstrap] /Library/Java/JavaVirtualMachines/jdk1.8.0_65.jdk/Contents/Home/jre/lib/resources.jar
2016-04-23 02:44:14.564+0000 INFO  [o.n.k.i.DiagnosticsManager]:  [classpath + loader.0] file:/Users/liudonghua/.m2/repository/com/fasterxml/classmate/1.1.0/classmate-1.1.0.jar
2016-04-23 02:44:14.564+0000 INFO  [o.n.k.i.DiagnosticsManager]:  [loader.1] file:/System/Library/Java/Extensions/MRJToolkit.jar
2016-04-23 02:44:14.564+0000 INFO  [o.n.k.i.DiagnosticsManager]:  [classpath + loader.0] file:/Users/liudonghua/.m2/repository/org/neo4j/neo4j-cypher-compiler-2.1/2.1.8/neo4j-cypher-compiler-2.1-2.1.8.jar
2016-04-23 02:44:14.564+0000 INFO  [o.n.k.i.DiagnosticsManager]:  [classpath + loader.0] file:/Users/liudonghua/.m2/repository/org/neo4j/neo4j-unsafe/2.2.5/neo4j-unsafe-2.2.5.jar
2016-04-23 02:44:14.564+0000 INFO  [o.n.k.i.DiagnosticsManager]:  [classpath + loader.0] file:/Users/liudonghua/.m2/repository/org/neo4j/neo4j-csv/2.2.5/neo4j-csv-2.2.5.jar
2016-04-23 02:44:14.564+0000 INFO  [o.n.k.i.DiagnosticsManager]:  [classpath + loader.0] file:/Users/liudonghua/.m2/repository/org/springframework/boot/spring-boot/1.3.3.RELEASE/spring-boot-1.3.3.RELEASE.jar
2016-04-23 02:44:14.564+0000 INFO  [o.n.k.i.DiagnosticsManager]:  [classpath + loader.0] file:/Users/liudonghua/.m2/repository/org/springframework/spring-beans/4.2.5.RELEASE/spring-beans-4.2.5.RELEASE.jar
2016-04-23 02:44:14.564+0000 INFO  [o.n.k.i.DiagnosticsManager]:  [loader.1] file:/Library/Java/JavaVirtualMachines/jdk1.8.0_65.jdk/Contents/Home/jre/lib/ext/cldrdata.jar
2016-04-23 02:44:14.564+0000 INFO  [o.n.k.i.DiagnosticsManager]:  [classpath + loader.0] file:/Users/liudonghua/.m2/repository/org/scala-lang/scala-reflect/2.10.5/scala-reflect-2.10.5.jar
2016-04-23 02:44:14.564+0000 INFO  [o.n.k.i.DiagnosticsManager]:  [classpath + loader.0] file:/Users/liudonghua/.m2/repository/org/neo4j/neo4j-jmx/2.2.5/neo4j-jmx-2.2.5.jar
2016-04-23 02:44:14.564+0000 INFO  [o.n.k.i.DiagnosticsManager]:  [classpath + loader.0] file:/Users/liudonghua/.m2/repository/org/neo4j/neo4j-io/2.2.5/neo4j-io-2.2.5.jar
2016-04-23 02:44:14.564+0000 INFO  [o.n.k.i.DiagnosticsManager]:  [classpath + loader.0] file:/Users/liudonghua/.m2/repository/org/neo4j/neo4j-cypher-compiler-1.9/2.0.4/neo4j-cypher-compiler-1.9-2.0.4.jar
2016-04-23 02:44:14.564+0000 INFO  [o.n.k.i.DiagnosticsManager]:  [classpath + loader.0] file:/Users/liudonghua/.m2/repository/org/neo4j/neo4j-primitive-collections/2.2.5/neo4j-primitive-collections-2.2.5.jar
2016-04-23 02:44:14.564+0000 INFO  [o.n.k.i.DiagnosticsManager]:  [classpath + loader.0] file:/Users/liudonghua/.m2/repository/ch/qos/logback/logback-classic/1.1.5/logback-classic-1.1.5.jar
2016-04-23 02:44:14.565+0000 INFO  [o.n.k.i.DiagnosticsManager]:  [classpath + loader.0] file:/Users/liudonghua/.m2/repository/org/apache/lucene/lucene-core/3.6.2/lucene-core-3.6.2.jar
2016-04-23 02:44:14.565+0000 INFO  [o.n.k.i.DiagnosticsManager]:  [classpath + loader.0] file:/Users/liudonghua/.m2/repository/org/slf4j/jcl-over-slf4j/1.7.16/jcl-over-slf4j-1.7.16.jar
2016-04-23 02:44:14.565+0000 INFO  [o.n.k.i.DiagnosticsManager]:  [classpath + loader.0] file:/Users/liudonghua/.m2/repository/com/googlecode/concurrentlinkedhashmap/concurrentlinkedhashmap-lru/1.4/concurrentlinkedhashmap-lru-1.4.jar
2016-04-23 02:44:14.565+0000 INFO  [o.n.k.i.DiagnosticsManager]:  [classpath + loader.0] file:/Users/liudonghua/.m2/repository/ch/qos/logback/logback-core/1.1.5/logback-core-1.1.5.jar
2016-04-23 02:44:14.565+0000 INFO  [o.n.k.i.DiagnosticsManager]:  [classpath + loader.0] file:/Users/liudonghua/code/java/movie-recommendation-demo/other/neo4j-data-importer/target/classes/
2016-04-23 02:44:14.565+0000 INFO  [o.n.k.i.DiagnosticsManager]:  [bootstrap] /Library/Java/JavaVirtualMachines/jdk1.8.0_65.jdk/Contents/Home/jre/classes
2016-04-23 02:44:14.565+0000 INFO  [o.n.k.i.DiagnosticsManager]:  [loader.1] file:/Library/Java/JavaVirtualMachines/jdk1.8.0_65.jdk/Contents/Home/jre/lib/ext/jaccess.jar
2016-04-23 02:44:14.565+0000 INFO  [o.n.k.i.DiagnosticsManager]:  [classpath + loader.0] file:/Users/liudonghua/.m2/repository/org/slf4j/slf4j-api/1.7.16/slf4j-api-1.7.16.jar
2016-04-23 02:44:14.565+0000 INFO  [o.n.k.i.DiagnosticsManager]:  [classpath + loader.0] file:/Users/liudonghua/.m2/repository/org/springframework/spring-context/4.2.5.RELEASE/spring-context-4.2.5.RELEASE.jar
2016-04-23 02:44:14.565+0000 INFO  [o.n.k.i.DiagnosticsManager]:  [classpath + loader.0] file:/Users/liudonghua/.m2/repository/org/aspectj/aspectjweaver/1.8.8/aspectjweaver-1.8.8.jar
2016-04-23 02:44:14.565+0000 INFO  [o.n.k.i.DiagnosticsManager]:  [bootstrap] /Library/Java/JavaVirtualMachines/jdk1.8.0_65.jdk/Contents/Home/jre/lib/jfr.jar
2016-04-23 02:44:14.565+0000 INFO  [o.n.k.i.DiagnosticsManager]:  [loader.1] file:/Library/Java/JavaVirtualMachines/jdk1.8.0_65.jdk/Contents/Home/jre/lib/ext/dnsns.jar
2016-04-23 02:44:14.565+0000 INFO  [o.n.k.i.DiagnosticsManager]:  [classpath + loader.0] file:/Users/liudonghua/.m2/repository/org/springframework/data/spring-data-commons/1.11.4.RELEASE/spring-data-commons-1.11.4.RELEASE.jar
2016-04-23 02:44:14.565+0000 INFO  [o.n.k.i.DiagnosticsManager]:  [classpath + loader.0] file:/Users/liudonghua/.m2/repository/javax/transaction/javax.transaction-api/1.2/javax.transaction-api-1.2.jar
2016-04-23 02:44:14.565+0000 INFO  [o.n.k.i.DiagnosticsManager]:  [loader.1] file:/Library/Java/JavaVirtualMachines/jdk1.8.0_65.jdk/Contents/Home/jre/lib/ext/sunjce_provider.jar
2016-04-23 02:44:14.565+0000 INFO  [o.n.k.i.DiagnosticsManager]:  [classpath + loader.0] file:/Users/liudonghua/.m2/repository/org/jboss/logging/jboss-logging/3.3.0.Final/jboss-logging-3.3.0.Final.jar
2016-04-23 02:44:14.565+0000 INFO  [o.n.k.i.DiagnosticsManager]:  [classpath + loader.0] file:/Users/liudonghua/.m2/repository/org/neo4j/neo4j-cypher/2.2.5/neo4j-cypher-2.2.5.jar
2016-04-23 02:44:14.565+0000 INFO  [o.n.k.i.DiagnosticsManager]:  [classpath + loader.0] file:/Users/liudonghua/.m2/repository/org/scala-lang/scala-library/2.10.5/scala-library-2.10.5.jar
2016-04-23 02:44:14.565+0000 INFO  [o.n.k.i.DiagnosticsManager]:  [classpath + loader.0] file:/Users/liudonghua/.m2/repository/org/springframework/boot/spring-boot-starter-logging/1.3.3.RELEASE/spring-boot-starter-logging-1.3.3.RELEASE.jar
2016-04-23 02:44:14.565+0000 INFO  [o.n.k.i.DiagnosticsManager]:  [classpath + loader.0] file:/Users/liudonghua/.m2/repository/org/yaml/snakeyaml/1.16/snakeyaml-1.16.jar
2016-04-23 02:44:14.565+0000 INFO  [o.n.k.i.DiagnosticsManager]: Library path:
2016-04-23 02:44:14.568+0000 INFO  [o.n.k.i.DiagnosticsManager]: /Users/liudonghua/Library/Java/Extensions
2016-04-23 02:44:14.569+0000 INFO  [o.n.k.i.DiagnosticsManager]: /Library/Java/Extensions
2016-04-23 02:44:14.569+0000 INFO  [o.n.k.i.DiagnosticsManager]: /Network/Library/Java/Extensions
2016-04-23 02:44:14.569+0000 INFO  [o.n.k.i.DiagnosticsManager]: /System/Library/Java/Extensions
2016-04-23 02:44:14.569+0000 INFO  [o.n.k.i.DiagnosticsManager]: /usr/lib/java
2016-04-23 02:44:14.569+0000 INFO  [o.n.k.i.DiagnosticsManager]: /Users/liudonghua/code/java/movie-recommendation-demo/other/neo4j-data-importer
2016-04-23 02:44:14.569+0000 INFO  [o.n.k.i.DiagnosticsManager]: System.properties:
2016-04-23 02:44:14.569+0000 INFO  [o.n.k.i.DiagnosticsManager]: sun.boot.library.path = /Library/Java/JavaVirtualMachines/jdk1.8.0_65.jdk/Contents/Home/jre/lib
2016-04-23 02:44:14.569+0000 INFO  [o.n.k.i.DiagnosticsManager]: user.country.format = CN
2016-04-23 02:44:14.569+0000 INFO  [o.n.k.i.DiagnosticsManager]: gopherProxySet = false
2016-04-23 02:44:14.569+0000 INFO  [o.n.k.i.DiagnosticsManager]: path.separator = :
2016-04-23 02:44:14.569+0000 INFO  [o.n.k.i.DiagnosticsManager]: file.encoding.pkg = sun.io
2016-04-23 02:44:14.569+0000 INFO  [o.n.k.i.DiagnosticsManager]: user.country = US
2016-04-23 02:44:14.570+0000 INFO  [o.n.k.i.DiagnosticsManager]: sun.java.launcher = SUN_STANDARD
2016-04-23 02:44:14.570+0000 INFO  [o.n.k.i.DiagnosticsManager]: sun.os.patch.level = unknown
2016-04-23 02:44:14.570+0000 INFO  [o.n.k.i.DiagnosticsManager]: PID = 4472
2016-04-23 02:44:14.570+0000 INFO  [o.n.k.i.DiagnosticsManager]: user.dir = /Users/liudonghua/code/java/movie-recommendation-demo/other/neo4j-data-importer
2016-04-23 02:44:14.570+0000 INFO  [o.n.k.i.DiagnosticsManager]: org.jboss.logging.provider = slf4j
2016-04-23 02:44:14.570+0000 INFO  [o.n.k.i.DiagnosticsManager]: sun.jnu.encoding = UTF-8
2016-04-23 02:44:14.570+0000 INFO  [o.n.k.i.DiagnosticsManager]: spring.beaninfo.ignore = true
2016-04-23 02:44:14.570+0000 INFO  [o.n.k.i.DiagnosticsManager]: sun.management.compiler = HotSpot 64-Bit Tiered Compilers
2016-04-23 02:44:14.570+0000 INFO  [o.n.k.i.DiagnosticsManager]: LOG_FILE = log.txt
2016-04-23 02:44:14.570+0000 INFO  [o.n.k.i.DiagnosticsManager]: http.nonProxyHosts = local|*.local|169.254/16|*.169.254/16
2016-04-23 02:44:14.570+0000 INFO  [o.n.k.i.DiagnosticsManager]: user.home = /Users/liudonghua
2016-04-23 02:44:14.570+0000 INFO  [o.n.k.i.DiagnosticsManager]: user.timezone = Asia/Shanghai
2016-04-23 02:44:14.570+0000 INFO  [o.n.k.i.DiagnosticsManager]: file.encoding = UTF-8
2016-04-23 02:44:14.570+0000 INFO  [o.n.k.i.DiagnosticsManager]: user.name = liudonghua
2016-04-23 02:44:14.570+0000 INFO  [o.n.k.i.DiagnosticsManager]: sun.java.command = com.liudonghua.apps.movie_recommendation_demo.Application
2016-04-23 02:44:14.570+0000 INFO  [o.n.k.i.DiagnosticsManager]: sun.arch.data.model = 64
2016-04-23 02:44:14.570+0000 INFO  [o.n.k.i.DiagnosticsManager]: user.language = en
2016-04-23 02:44:14.570+0000 INFO  [o.n.k.i.DiagnosticsManager]: awt.toolkit = sun.lwawt.macosx.LWCToolkit
2016-04-23 02:44:14.570+0000 INFO  [o.n.k.i.DiagnosticsManager]: file.separator = /
2016-04-23 02:44:14.570+0000 INFO  [o.n.k.i.DiagnosticsManager]: sun.io.unicode.encoding = UnicodeBig
2016-04-23 02:44:14.570+0000 INFO  [o.n.k.i.DiagnosticsManager]: sun.cpu.endian = little
2016-04-23 02:44:14.570+0000 INFO  [o.n.k.i.DiagnosticsManager]: socksNonProxyHosts = local|*.local|169.254/16|*.169.254/16
2016-04-23 02:44:14.570+0000 INFO  [o.n.k.i.DiagnosticsManager]: ftp.nonProxyHosts = local|*.local|169.254/16|*.169.254/16
2016-04-23 02:44:14.570+0000 INFO  [o.n.k.i.DiagnosticsManager]: sun.cpu.isalist = 
2016-04-23 02:44:14.570+0000 INFO  [o.n.k.i.DiagnosticsManager]: Network information:
2016-04-23 02:44:14.578+0000 INFO  [o.n.k.i.DiagnosticsManager]: Interface utun0:
2016-04-23 02:44:14.579+0000 INFO  [o.n.k.i.DiagnosticsManager]:     address: fe80:0:0:0:8a88:479d:8d42:78c2%utun0
2016-04-23 02:44:14.579+0000 INFO  [o.n.k.i.DiagnosticsManager]: Interface awdl0:
2016-04-23 02:44:14.579+0000 INFO  [o.n.k.i.DiagnosticsManager]:     address: fe80:0:0:0:8d2:91ff:fe6f:bb56%awdl0
2016-04-23 02:44:14.579+0000 INFO  [o.n.k.i.DiagnosticsManager]: Interface en0:
2016-04-23 02:44:14.579+0000 INFO  [o.n.k.i.DiagnosticsManager]:     address: fe80:0:0:0:bae8:56ff:fe28:d16c%en0
2016-04-23 02:44:14.579+0000 INFO  [o.n.k.i.DiagnosticsManager]:     address: 192.168.1.106
2016-04-23 02:44:14.579+0000 INFO  [o.n.k.i.DiagnosticsManager]: Interface lo0:
2016-04-23 02:44:14.579+0000 INFO  [o.n.k.i.DiagnosticsManager]:     address: fe80:0:0:0:0:0:0:1%lo0
2016-04-23 02:44:14.579+0000 INFO  [o.n.k.i.DiagnosticsManager]:     address: 0:0:0:0:0:0:0:1
2016-04-23 02:44:14.579+0000 INFO  [o.n.k.i.DiagnosticsManager]:     address: 127.0.0.1
2016-04-23 02:44:14.579+0000 INFO  [o.n.k.i.DiagnosticsManager]: --- INITIALIZED diagnostics END ---
2016-04-23 02:44:14.775+0000 INFO  [o.n.k.i.s.StoreFactory]: Creating new db @ resources/database_movie_recommend_neo4j.db/neostore
2016-04-23 02:44:15.294+0000 INFO  [o.n.k.a.i.i.LuceneLabelScanStore]: No lucene scan store index found, this might just be first use. Preparing to rebuild.
2016-04-23 02:44:15.335+0000 INFO  [o.n.k.a.i.i.LuceneLabelScanStore]: No lucene scan store index found, this might just be first use. Preparing to rebuild.
2016-04-23 02:44:15.739+0000 INFO  [o.n.k.NeoStoreDataSource]: Opened logical log [resources/database_movie_recommend_neo4j.db/neostore.transaction.db.0] version=0, lastTxId=1 (clean)
2016-04-23 02:44:15.753+0000 WARN  [o.n.k.i.s.StoreFactory]: Missing counts store, rebuilding it.
2016-04-23 02:44:15.887+0000 INFO  [o.n.k.a.i.i.LuceneLabelScanStore]: Rebuilding lucene scan store, this may take a while
2016-04-23 02:44:15.893+0000 INFO  [o.n.k.a.i.i.LuceneLabelScanStore]: Lucene scan store rebuilt (roughly -1 nodes)
2016-04-23 02:44:15.904+0000 INFO  [o.n.k.KernelHealth]: Kernel health set to OK
2016-04-23 02:44:17.134+0000 INFO  [o.n.k.i.DiagnosticsManager]: --- STARTED diagnostics for KernelDiagnostics:Versions START ---
2016-04-23 02:44:17.134+0000 INFO  [o.n.k.i.DiagnosticsManager]: Graph Database: org.neo4j.kernel.EmbeddedGraphDatabase StoreId{creationTime=1461379454773, randomId=1576173964914603609, storeVersion=14969031248344582, upgradeTime=1461379454773, upgradeId=1}
2016-04-23 02:44:17.134+0000 INFO  [o.n.k.i.DiagnosticsManager]: Kernel version: Neo4j - Graph Database Kernel (neo4j-kernel), version: 2.2.5
2016-04-23 02:44:17.134+0000 INFO  [o.n.k.i.DiagnosticsManager]: Neo4j component versions:
2016-04-23 02:44:17.142+0000 INFO  [o.n.k.i.DiagnosticsManager]:   Neo4j - Cypher Compiler 1.9 (neo4j-cypher-compiler-1.9), version: 2.0.4; revision: 2.0.4:2.0-maint:130/4a7d10bc274a5d26a180bbe9df25100e8a694748
2016-04-23 02:44:17.142+0000 INFO  [o.n.k.i.DiagnosticsManager]:   Neo4j - Cypher Compiler 2.2 (neo4j-cypher-compiler-2.2), version: 2.2.5; revision: 2.2.5:2.2:151/cf9c7fe724d193d2d54c55eb0c82cc9036fc05d6-dirty
2016-04-23 02:44:17.142+0000 INFO  [o.n.k.i.DiagnosticsManager]:   Neo4j - Consistency Checker (neo4j-consistency-check), version: 2.2.5; revision: 2.2.5:2.2:151/cf9c7fe724d193d2d54c55eb0c82cc9036fc05d6-dirty
2016-04-23 02:44:17.142+0000 INFO  [o.n.k.i.DiagnosticsManager]:   Neo4j - Graph Database Kernel (neo4j-kernel), version: 2.2.5; revision: 2.2.5:2.2:151/cf9c7fe724d193d2d54c55eb0c82cc9036fc05d6-dirty
2016-04-23 02:44:17.142+0000 INFO  [o.n.k.i.DiagnosticsManager]:   Neo4j - Cypher Compiler 2.1 (neo4j-cypher-compiler-2.1), version: 2.1.8; revision: 2.1.8:2.1-maint:687/5c83ce3a5ddf33259593f719153ce71a6fe89fc7
2016-04-23 02:44:17.142+0000 INFO  [o.n.k.i.DiagnosticsManager]:   Neo4j - Community (neo4j), version: 2.2.5; revision: 2.2.5:2.2:151/cf9c7fe724d193d2d54c55eb0c82cc9036fc05d6-dirty
2016-04-23 02:44:17.142+0000 INFO  [o.n.k.i.DiagnosticsManager]:   neo4j-udc, version: 2.2.5; revision: 2.2.5:2.2:151/cf9c7fe724d193d2d54c55eb0c82cc9036fc05d6-dirty
2016-04-23 02:44:17.142+0000 INFO  [o.n.k.i.DiagnosticsManager]:   Neo4j - Lucene Index (neo4j-lucene-index), version: 2.2.5; revision: 2.2.5:2.2:151/cf9c7fe724d193d2d54c55eb0c82cc9036fc05d6-dirty
2016-04-23 02:44:17.142+0000 INFO  [o.n.k.i.DiagnosticsManager]:   Neo4j - Cypher Compiler 2.0 (neo4j-cypher-compiler-2.0), version: 2.0.4; revision: 2.0.4:2.0-maint:130/4a7d10bc274a5d26a180bbe9df25100e8a694748
2016-04-23 02:44:17.142+0000 INFO  [o.n.k.i.DiagnosticsManager]:   Neo4j - Graph Matching (neo4j-graph-matching), version: 2.2.5; revision: 2.2.5:2.2:151/cf9c7fe724d193d2d54c55eb0c82cc9036fc05d6-dirty
2016-04-23 02:44:17.142+0000 INFO  [o.n.k.i.DiagnosticsManager]:   Neo4j - JMX support (neo4j-jmx), version: 2.2.5; revision: 2.2.5:2.2:151/cf9c7fe724d193d2d54c55eb0c82cc9036fc05d6-dirty
2016-04-23 02:44:17.142+0000 INFO  [o.n.k.i.DiagnosticsManager]:   Neo4j - Cypher (neo4j-cypher), version: 2.2.5; revision: 2.2.5:2.2:151/cf9c7fe724d193d2d54c55eb0c82cc9036fc05d6-dirty
2016-04-23 02:44:17.142+0000 INFO  [o.n.k.i.DiagnosticsManager]:   Neo4j - Graph Algorithms (neo4j-graph-algo), version: 2.2.5; revision: 2.2.5:2.2:151/cf9c7fe724d193d2d54c55eb0c82cc9036fc05d6-dirty
2016-04-23 02:44:17.142+0000 INFO  [o.n.k.i.DiagnosticsManager]: --- STARTED diagnostics for KernelDiagnostics:Versions END ---
2016-04-23 02:44:17.145+0000 INFO  [o.n.k.i.DiagnosticsManager]: --- STARTED diagnostics for NEO_STORE_VERSIONS START ---
2016-04-23 02:44:17.145+0000 INFO  [o.n.k.i.DiagnosticsManager]: Store versions:
2016-04-23 02:44:17.146+0000 INFO  [o.n.k.i.DiagnosticsManager]: Store versions:
2016-04-23 02:44:17.146+0000 INFO  [o.n.k.i.DiagnosticsManager]:   NeoStore v0.A.5
2016-04-23 02:44:17.146+0000 INFO  [o.n.k.i.DiagnosticsManager]:   SchemaStore v0.A.5
2016-04-23 02:44:17.146+0000 INFO  [o.n.k.i.DiagnosticsManager]:   NodeStore v0.A.5
2016-04-23 02:44:17.146+0000 INFO  [o.n.k.i.DiagnosticsManager]:   RelationshipStore v0.A.5
2016-04-23 02:44:17.146+0000 INFO  [o.n.k.i.DiagnosticsManager]:   RelationshipTypeStore v0.A.5
2016-04-23 02:44:17.146+0000 INFO  [o.n.k.i.DiagnosticsManager]:   LabelTokenStore v0.A.5
2016-04-23 02:44:17.146+0000 INFO  [o.n.k.i.DiagnosticsManager]:   PropertyStore v0.A.5
2016-04-23 02:44:17.146+0000 INFO  [o.n.k.i.DiagnosticsManager]:   PropertyIndexStore v0.A.5
2016-04-23 02:44:17.146+0000 INFO  [o.n.k.i.DiagnosticsManager]:   StringPropertyStore v0.A.5
2016-04-23 02:44:17.146+0000 INFO  [o.n.k.i.DiagnosticsManager]:   ArrayPropertyStore v0.A.5
2016-04-23 02:44:17.146+0000 INFO  [o.n.k.i.DiagnosticsManager]:   RelationshipGroupStore v0.A.5
2016-04-23 02:44:17.146+0000 INFO  [o.n.k.i.DiagnosticsManager]: --- STARTED diagnostics for NEO_STORE_VERSIONS END ---
2016-04-23 02:44:17.146+0000 INFO  [o.n.k.i.DiagnosticsManager]: --- STARTED diagnostics for NEO_STORE_ID_USAGE START ---
2016-04-23 02:44:17.146+0000 INFO  [o.n.k.i.DiagnosticsManager]: Id usage:
2016-04-23 02:44:17.146+0000 INFO  [o.n.k.i.DiagnosticsManager]: Id usage:
2016-04-23 02:44:17.147+0000 INFO  [o.n.k.i.DiagnosticsManager]:   SchemaStore: used=1 high=0
2016-04-23 02:44:17.147+0000 INFO  [o.n.k.i.DiagnosticsManager]:   NodeStore: used=0 high=-1
2016-04-23 02:44:17.147+0000 INFO  [o.n.k.i.DiagnosticsManager]:   RelationshipStore: used=0 high=-1
2016-04-23 02:44:17.147+0000 INFO  [o.n.k.i.DiagnosticsManager]:   RelationshipTypeStore: used=0 high=-1
2016-04-23 02:44:17.147+0000 INFO  [o.n.k.i.DiagnosticsManager]:   LabelTokenStore: used=0 high=-1
2016-04-23 02:44:17.147+0000 INFO  [o.n.k.i.DiagnosticsManager]:   PropertyStore: used=0 high=-1
2016-04-23 02:44:17.147+0000 INFO  [o.n.k.i.DiagnosticsManager]:   PropertyIndexStore: used=0 high=-1
2016-04-23 02:44:17.147+0000 INFO  [o.n.k.i.DiagnosticsManager]:   StringPropertyStore: used=1 high=0
2016-04-23 02:44:17.147+0000 INFO  [o.n.k.i.DiagnosticsManager]:   ArrayPropertyStore: used=1 high=0
2016-04-23 02:44:17.147+0000 INFO  [o.n.k.i.DiagnosticsManager]:   RelationshipGroupStore: used=1 high=0
2016-04-23 02:44:17.148+0000 INFO  [o.n.k.i.DiagnosticsManager]: --- STARTED diagnostics for NEO_STORE_ID_USAGE END ---
2016-04-23 02:44:17.148+0000 INFO  [o.n.k.i.DiagnosticsManager]: --- STARTED diagnostics for KernelDiagnostics:StoreFiles START ---
2016-04-23 02:44:17.148+0000 INFO  [o.n.k.i.DiagnosticsManager]: Disk space on partition (Total / Free / Free %): 120120541184 / 5318479872 / 4
Storage files: (filename : modification date - size)
2016-04-23 02:44:17.150+0000 INFO  [o.n.k.i.DiagnosticsManager]:   index:
2016-04-23 02:44:17.151+0000 INFO  [o.n.k.i.DiagnosticsManager]:   - Total: 2016-04-23T10:44:15+0800 - 0.00 B
2016-04-23 02:44:17.151+0000 INFO  [o.n.k.i.DiagnosticsManager]:   lock: 2016-04-23T10:44:15+0800 - 0.00 B
2016-04-23 02:44:17.151+0000 INFO  [o.n.k.i.DiagnosticsManager]:   messages.log: 2016-04-23T10:44:17+0800 - 30.96 kB
2016-04-23 02:44:17.151+0000 INFO  [o.n.k.i.DiagnosticsManager]:   neostore: 2016-04-23T10:44:15+0800 - 99.00 B
2016-04-23 02:44:17.157+0000 INFO  [o.n.k.i.DiagnosticsManager]:   neostore.counts.db.a: 2016-04-23T10:44:15+0800 - 114.00 B
2016-04-23 02:44:17.157+0000 INFO  [o.n.k.i.DiagnosticsManager]:   neostore.id: 2016-04-23T10:44:15+0800 - 9.00 B
2016-04-23 02:44:17.157+0000 INFO  [o.n.k.i.DiagnosticsManager]:   neostore.labeltokenstore.db: 2016-04-23T10:44:15+0800 - 0.00 B
2016-04-23 02:44:17.158+0000 INFO  [o.n.k.i.DiagnosticsManager]:   neostore.labeltokenstore.db.id: 2016-04-23T10:44:15+0800 - 9.00 B
2016-04-23 02:44:17.158+0000 INFO  [o.n.k.i.DiagnosticsManager]:   neostore.labeltokenstore.db.names: 2016-04-23T10:44:15+0800 - 38.00 B
2016-04-23 02:44:17.158+0000 INFO  [o.n.k.i.DiagnosticsManager]:   neostore.labeltokenstore.db.names.id: 2016-04-23T10:44:15+0800 - 9.00 B
2016-04-23 02:44:17.158+0000 INFO  [o.n.k.i.DiagnosticsManager]:   neostore.nodestore.db: 2016-04-23T10:44:15+0800 - 0.00 B
2016-04-23 02:44:17.159+0000 INFO  [o.n.k.i.DiagnosticsManager]:   neostore.nodestore.db.id: 2016-04-23T10:44:15+0800 - 9.00 B
2016-04-23 02:44:17.159+0000 INFO  [o.n.k.i.DiagnosticsManager]:   neostore.nodestore.db.labels: 2016-04-23T10:44:15+0800 - 68.00 B
2016-04-23 02:44:17.159+0000 INFO  [o.n.k.i.DiagnosticsManager]:   neostore.nodestore.db.labels.id: 2016-04-23T10:44:15+0800 - 9.00 B
2016-04-23 02:44:17.159+0000 INFO  [o.n.k.i.DiagnosticsManager]:   neostore.propertystore.db: 2016-04-23T10:44:15+0800 - 0.00 B
2016-04-23 02:44:17.160+0000 INFO  [o.n.k.i.DiagnosticsManager]:   neostore.propertystore.db.arrays: 2016-04-23T10:44:15+0800 - 128.00 B
2016-04-23 02:44:17.160+0000 INFO  [o.n.k.i.DiagnosticsManager]:   neostore.propertystore.db.arrays.id: 2016-04-23T10:44:15+0800 - 9.00 B
2016-04-23 02:44:17.160+0000 INFO  [o.n.k.i.DiagnosticsManager]:   neostore.propertystore.db.id: 2016-04-23T10:44:15+0800 - 9.00 B
2016-04-23 02:44:17.160+0000 INFO  [o.n.k.i.DiagnosticsManager]:   neostore.propertystore.db.index: 2016-04-23T10:44:15+0800 - 0.00 B
2016-04-23 02:44:17.160+0000 INFO  [o.n.k.i.DiagnosticsManager]:   neostore.propertystore.db.index.id: 2016-04-23T10:44:15+0800 - 9.00 B
2016-04-23 02:44:17.161+0000 INFO  [o.n.k.i.DiagnosticsManager]:   neostore.propertystore.db.index.keys: 2016-04-23T10:44:15+0800 - 38.00 B
2016-04-23 02:44:17.161+0000 INFO  [o.n.k.i.DiagnosticsManager]:   neostore.propertystore.db.index.keys.id: 2016-04-23T10:44:15+0800 - 9.00 B
2016-04-23 02:44:17.161+0000 INFO  [o.n.k.i.DiagnosticsManager]:   neostore.propertystore.db.strings: 2016-04-23T10:44:15+0800 - 128.00 B
2016-04-23 02:44:17.161+0000 INFO  [o.n.k.i.DiagnosticsManager]:   neostore.propertystore.db.strings.id: 2016-04-23T10:44:15+0800 - 9.00 B
2016-04-23 02:44:17.162+0000 INFO  [o.n.k.i.DiagnosticsManager]:   neostore.relationshipgroupstore.db: 2016-04-23T10:44:15+0800 - 25.00 B
2016-04-23 02:44:17.162+0000 INFO  [o.n.k.i.DiagnosticsManager]:   neostore.relationshipgroupstore.db.id: 2016-04-23T10:44:15+0800 - 9.00 B
2016-04-23 02:44:17.162+0000 INFO  [o.n.k.i.DiagnosticsManager]:   neostore.relationshipstore.db: 2016-04-23T10:44:15+0800 - 0.00 B
2016-04-23 02:44:17.162+0000 INFO  [o.n.k.i.DiagnosticsManager]:   neostore.relationshipstore.db.id: 2016-04-23T10:44:15+0800 - 9.00 B
2016-04-23 02:44:17.163+0000 INFO  [o.n.k.i.DiagnosticsManager]:   neostore.relationshiptypestore.db: 2016-04-23T10:44:15+0800 - 0.00 B
2016-04-23 02:44:17.163+0000 INFO  [o.n.k.i.DiagnosticsManager]:   neostore.relationshiptypestore.db.id: 2016-04-23T10:44:15+0800 - 9.00 B
2016-04-23 02:44:17.163+0000 INFO  [o.n.k.i.DiagnosticsManager]:   neostore.relationshiptypestore.db.names: 2016-04-23T10:44:15+0800 - 38.00 B
2016-04-23 02:44:17.163+0000 INFO  [o.n.k.i.DiagnosticsManager]:   neostore.relationshiptypestore.db.names.id: 2016-04-23T10:44:15+0800 - 9.00 B
2016-04-23 02:44:17.163+0000 INFO  [o.n.k.i.DiagnosticsManager]:   neostore.schemastore.db: 2016-04-23T10:44:15+0800 - 64.00 B
2016-04-23 02:44:17.164+0000 INFO  [o.n.k.i.DiagnosticsManager]:   neostore.schemastore.db.id: 2016-04-23T10:44:15+0800 - 9.00 B
2016-04-23 02:44:17.164+0000 INFO  [o.n.k.i.DiagnosticsManager]:   neostore.transaction.db.0: 2016-04-23T10:44:15+0800 - 16.00 B
2016-04-23 02:44:17.164+0000 INFO  [o.n.k.i.DiagnosticsManager]:   schema:
2016-04-23 02:44:17.165+0000 INFO  [o.n.k.i.DiagnosticsManager]:     label:
2016-04-23 02:44:17.165+0000 INFO  [o.n.k.i.DiagnosticsManager]:       lucene:
2016-04-23 02:44:17.165+0000 INFO  [o.n.k.i.DiagnosticsManager]:         write.lock: 2016-04-23T10:44:15+0800 - 0.00 B
2016-04-23 02:44:17.165+0000 INFO  [o.n.k.i.DiagnosticsManager]:       - Total: 2016-04-23T10:44:15+0800 - 0.00 B
2016-04-23 02:44:17.166+0000 INFO  [o.n.k.i.DiagnosticsManager]:     - Total: 2016-04-23T10:44:15+0800 - 0.00 B
2016-04-23 02:44:17.166+0000 INFO  [o.n.k.i.DiagnosticsManager]:   - Total: 2016-04-23T10:44:15+0800 - 0.00 B
2016-04-23 02:44:17.166+0000 INFO  [o.n.k.i.DiagnosticsManager]:   store_lock: 2016-04-23T10:44:14+0800 - 0.00 B
2016-04-23 02:44:17.166+0000 INFO  [o.n.k.i.DiagnosticsManager]: --- STARTED diagnostics for KernelDiagnostics:StoreFiles END ---
2016-04-23 02:44:17.255+0000 INFO  [o.n.k.EmbeddedGraphDatabase]: Database is now ready
2016-04-23 02:44:20.921+0000 INFO  [o.n.k.i.a.i.IndexPopulationJob]: Index population started: [:User(id) [provider: {key=lucene, version=1.0}]]
2016-04-23 02:44:20.940+0000 INFO  [o.n.k.i.a.KernelSchemaStateStore]: Schema state store has been cleared.
2016-04-23 02:44:20.952+0000 INFO  [o.n.k.i.a.i.IndexPopulationJob]: Index population completed. Index is now online: [:User(id) [provider: {key=lucene, version=1.0}]]
2016-04-23 02:44:20.956+0000 INFO  [o.n.k.i.a.KernelSchemaStateStore]: Schema state store has been cleared.
2016-04-23 02:44:20.986+0000 INFO  [o.n.k.i.a.i.IndexPopulationJob]: Index population started: [:Movie(id) [provider: {key=lucene, version=1.0}]]
2016-04-23 02:44:20.991+0000 INFO  [o.n.k.i.a.KernelSchemaStateStore]: Schema state store has been cleared.
2016-04-23 02:44:20.993+0000 INFO  [o.n.k.i.a.i.IndexPopulationJob]: Index population completed. Index is now online: [:Movie(id) [provider: {key=lucene, version=1.0}]]
2016-04-23 02:44:20.994+0000 INFO  [o.n.k.i.a.KernelSchemaStateStore]: Schema state store has been cleared.
2016-04-23 02:44:21.008+0000 INFO  [o.n.k.i.a.i.IndexPopulationJob]: Index population started: [:Movie(title) [provider: {key=lucene, version=1.0}]]
2016-04-23 02:44:21.013+0000 INFO  [o.n.k.i.a.KernelSchemaStateStore]: Schema state store has been cleared.
2016-04-23 02:44:21.026+0000 INFO  [o.n.k.i.a.i.IndexPopulationJob]: Index population completed. Index is now online: [:Movie(title) [provider: {key=lucene, version=1.0}]]
2016-04-23 02:44:21.059+0000 INFO  [o.n.k.i.a.i.IndexPopulationJob]: Index population started: [:Genre(id) [provider: {key=lucene, version=1.0}]]
2016-04-23 02:44:21.064+0000 INFO  [o.n.k.i.a.KernelSchemaStateStore]: Schema state store has been cleared.
2016-04-23 02:44:21.067+0000 INFO  [o.n.k.i.a.i.IndexPopulationJob]: Index population completed. Index is now online: [:Genre(id) [provider: {key=lucene, version=1.0}]]
2016-04-23 02:44:21.068+0000 INFO  [o.n.k.i.a.KernelSchemaStateStore]: Schema state store has been cleared.
2016-04-23 02:44:24.086+0000 INFO  [o.n.k.EmbeddedGraphDatabase]: Shutdown started
2016-04-23 02:44:24.086+0000 INFO  [o.n.k.EmbeddedGraphDatabase]: Database is now unavailable
2016-04-23 02:44:24.112+0000 INFO  [o.n.k.i.s.StoreFactory]: About to rotate counts store at transaction 36 to [resources/database_movie_recommend_neo4j.db/neostore.counts.db.b], from [resources/database_movie_recommend_neo4j.db/neostore.counts.db.a].
2016-04-23 02:44:24.113+0000 INFO  [o.n.k.i.s.StoreFactory]: Successfully rotated counts store at transaction 36 to [resources/database_movie_recommend_neo4j.db/neostore.counts.db.b], from [resources/database_movie_recommend_neo4j.db/neostore.counts.db.a].
2016-04-23 02:44:24.170+0000 INFO  [o.n.k.NeoStoreDataSource]: NeoStore closed
2016-04-23 02:44:24.170+0000 INFO  [o.n.k.i.DiagnosticsManager]: --- STOPPING diagnostics START ---
2016-04-23 02:44:24.170+0000 INFO  [o.n.k.i.DiagnosticsManager]: --- STOPPING diagnostics END ---
2016-04-23 02:45:17.656+0000 INFO  [o.n.k.InternalAbstractGraphDatabase]: No locking implementation specified, defaulting to 'community'
2016-04-23 02:45:17.740+0000 INFO  [o.n.k.i.DiagnosticsManager]: --- INITIALIZED diagnostics START ---
2016-04-23 02:45:17.741+0000 INFO  [o.n.k.i.DiagnosticsManager]: Neo4j Kernel properties:
2016-04-23 02:45:17.744+0000 INFO  [o.n.k.i.DiagnosticsManager]: store_dir=resources/database_movie_recommend_neo4j.db
2016-04-23 02:45:17.745+0000 INFO  [o.n.k.i.DiagnosticsManager]: ephemeral=false
2016-04-23 02:45:17.746+0000 INFO  [o.n.k.i.DiagnosticsManager]: Diagnostics providers:
2016-04-23 02:45:17.746+0000 INFO  [o.n.k.i.DiagnosticsManager]: org.neo4j.kernel.configuration.Config
2016-04-23 02:45:17.746+0000 INFO  [o.n.k.i.DiagnosticsManager]: org.neo4j.kernel.info.DiagnosticsManager
2016-04-23 02:45:17.746+0000 INFO  [o.n.k.i.DiagnosticsManager]: SYSTEM_MEMORY
2016-04-23 02:45:17.746+0000 INFO  [o.n.k.i.DiagnosticsManager]: JAVA_MEMORY
2016-04-23 02:45:17.746+0000 INFO  [o.n.k.i.DiagnosticsManager]: OPERATING_SYSTEM
2016-04-23 02:45:17.746+0000 INFO  [o.n.k.i.DiagnosticsManager]: JAVA_VIRTUAL_MACHINE
2016-04-23 02:45:17.748+0000 INFO  [o.n.k.i.DiagnosticsManager]: CLASSPATH
2016-04-23 02:45:17.748+0000 INFO  [o.n.k.i.DiagnosticsManager]: LIBRARY_PATH
2016-04-23 02:45:17.748+0000 INFO  [o.n.k.i.DiagnosticsManager]: SYSTEM_PROPERTIES
2016-04-23 02:45:17.748+0000 INFO  [o.n.k.i.DiagnosticsManager]: NETWORK
2016-04-23 02:45:17.749+0000 INFO  [o.n.k.i.DiagnosticsManager]: System memory information:
2016-04-23 02:45:17.751+0000 INFO  [o.n.k.i.DiagnosticsManager]: Total Physical memory: 4.00 GB
2016-04-23 02:45:17.752+0000 INFO  [o.n.k.i.DiagnosticsManager]: Free Physical memory: 19.17 MB
2016-04-23 02:45:17.753+0000 INFO  [o.n.k.i.DiagnosticsManager]: Committed virtual memory: 4.81 GB
2016-04-23 02:45:17.754+0000 INFO  [o.n.k.i.DiagnosticsManager]: Total swap space: 2.00 GB
2016-04-23 02:45:17.754+0000 INFO  [o.n.k.i.DiagnosticsManager]: Free swap space: 637.50 MB
2016-04-23 02:45:17.755+0000 INFO  [o.n.k.i.DiagnosticsManager]: JVM memory information:
2016-04-23 02:45:17.755+0000 INFO  [o.n.k.i.DiagnosticsManager]: Free  memory: 114.12 MB
2016-04-23 02:45:17.755+0000 INFO  [o.n.k.i.DiagnosticsManager]: Total memory: 182.00 MB
2016-04-23 02:45:17.755+0000 INFO  [o.n.k.i.DiagnosticsManager]: Max   memory: 910.50 MB
2016-04-23 02:45:17.756+0000 INFO  [o.n.k.i.DiagnosticsManager]: Garbage Collector: PS Scavenge: [PS Eden Space, PS Survivor Space]
2016-04-23 02:45:17.756+0000 INFO  [o.n.k.i.DiagnosticsManager]: Garbage Collector: PS MarkSweep: [PS Eden Space, PS Survivor Space, PS Old Gen]
2016-04-23 02:45:17.757+0000 INFO  [o.n.k.i.DiagnosticsManager]: Memory Pool: Code Cache (Non-heap memory): committed=11.75 MB, used=11.71 MB, max=240.00 MB, threshold=0.00 B
2016-04-23 02:45:17.758+0000 INFO  [o.n.k.i.DiagnosticsManager]: Memory Pool: Metaspace (Non-heap memory): committed=30.50 MB, used=29.95 MB, max=-1.00 B, threshold=0.00 B
2016-04-23 02:45:17.758+0000 INFO  [o.n.k.i.DiagnosticsManager]: Memory Pool: Compressed Class Space (Non-heap memory): committed=4.00 MB, used=3.84 MB, max=1.00 GB, threshold=0.00 B
2016-04-23 02:45:17.759+0000 INFO  [o.n.k.i.DiagnosticsManager]: Memory Pool: PS Eden Space (Heap memory): committed=127.50 MB, used=41.65 MB, max=319.50 MB, threshold=?
2016-04-23 02:45:17.759+0000 INFO  [o.n.k.i.DiagnosticsManager]: Memory Pool: PS Survivor Space (Heap memory): committed=10.00 MB, used=9.98 MB, max=10.00 MB, threshold=?
2016-04-23 02:45:17.760+0000 INFO  [o.n.k.i.DiagnosticsManager]: Memory Pool: PS Old Gen (Heap memory): committed=44.50 MB, used=16.24 MB, max=683.00 MB, threshold=0.00 B
2016-04-23 02:45:17.760+0000 INFO  [o.n.k.i.DiagnosticsManager]: Operating system information:
2016-04-23 02:45:17.761+0000 INFO  [o.n.k.i.DiagnosticsManager]: Operating System: Mac OS X; version: 10.11.3; arch: x86_64; cpus: 4
2016-04-23 02:45:17.762+0000 INFO  [o.n.k.i.DiagnosticsManager]: Max number of file descriptors: 10240
2016-04-23 02:45:17.762+0000 INFO  [o.n.k.i.DiagnosticsManager]: Number of open file descriptors: 137
2016-04-23 02:45:17.762+0000 INFO  [o.n.k.i.DiagnosticsManager]: Process id: 4477@LiudonghuaMacBook-Air
2016-04-23 02:45:17.762+0000 INFO  [o.n.k.i.DiagnosticsManager]: Byte order: LITTLE_ENDIAN
2016-04-23 02:45:17.763+0000 INFO  [o.n.k.i.DiagnosticsManager]: Local timezone: Asia/Shanghai
2016-04-23 02:45:17.763+0000 INFO  [o.n.k.i.DiagnosticsManager]: JVM information:
2016-04-23 02:45:17.763+0000 INFO  [o.n.k.i.DiagnosticsManager]: VM Name: Java HotSpot(TM) 64-Bit Server VM
2016-04-23 02:45:17.763+0000 INFO  [o.n.k.i.DiagnosticsManager]: VM Vendor: Oracle Corporation
2016-04-23 02:45:17.763+0000 INFO  [o.n.k.i.DiagnosticsManager]: VM Version: 25.65-b01
2016-04-23 02:45:17.763+0000 INFO  [o.n.k.i.DiagnosticsManager]: JIT compiler: HotSpot 64-Bit Tiered Compilers
2016-04-23 02:45:17.764+0000 INFO  [o.n.k.i.DiagnosticsManager]: VM Arguments: [-Dfile.encoding=UTF-8]
2016-04-23 02:45:17.764+0000 INFO  [o.n.k.i.DiagnosticsManager]: Java classpath:
2016-04-23 02:45:17.772+0000 INFO  [o.n.k.i.DiagnosticsManager]:  [classpath + loader.0] file:/Users/liudonghua/.m2/repository/com/google/code/findbugs/jsr305/2.0.1/jsr305-2.0.1.jar
2016-04-23 02:45:17.773+0000 INFO  [o.n.k.i.DiagnosticsManager]:  [classpath + loader.0] file:/Users/liudonghua/.m2/repository/org/neo4j/neo4j-io/2.2.5/neo4j-io-2.2.5-tests.jar
2016-04-23 02:45:17.773+0000 INFO  [o.n.k.i.DiagnosticsManager]:  [classpath + loader.0] file:/Users/liudonghua/.m2/repository/commons-digester/commons-digester/2.1/commons-digester-2.1.jar
2016-04-23 02:45:17.773+0000 INFO  [o.n.k.i.DiagnosticsManager]:  [classpath + loader.0] file:/Users/liudonghua/.m2/repository/commons-io/commons-io/2.4/commons-io-2.4.jar
2016-04-23 02:45:17.773+0000 INFO  [o.n.k.i.DiagnosticsManager]:  [bootstrap] /Library/Java/JavaVirtualMachines/jdk1.8.0_65.jdk/Contents/Home/jre/lib/jce.jar
2016-04-23 02:45:17.773+0000 INFO  [o.n.k.i.DiagnosticsManager]:  [classpath + loader.0] file:/Users/liudonghua/.m2/repository/org/eclipse/jetty/jetty-io/9.2.15.v20160210/jetty-io-9.2.15.v20160210.jar
2016-04-23 02:45:17.773+0000 INFO  [o.n.k.i.DiagnosticsManager]:  [classpath + loader.0] file:/Users/liudonghua/.m2/repository/commons-configuration/commons-configuration/1.10/commons-configuration-1.10.jar
2016-04-23 02:45:17.773+0000 INFO  [o.n.k.i.DiagnosticsManager]:  [loader.1] file:/Library/Java/JavaVirtualMachines/jdk1.8.0_65.jdk/Contents/Home/jre/lib/ext/sunec.jar
2016-04-23 02:45:17.773+0000 INFO  [o.n.k.i.DiagnosticsManager]:  [classpath + loader.0] file:/Users/liudonghua/.m2/repository/org/springframework/data/spring-data-neo4j/3.4.4.RELEASE/spring-data-neo4j-3.4.4.RELEASE.jar
2016-04-23 02:45:17.773+0000 INFO  [o.n.k.i.DiagnosticsManager]:  [classpath + loader.0] file:/Users/liudonghua/.m2/repository/org/neo4j/neo4j-graph-algo/2.2.5/neo4j-graph-algo-2.2.5.jar
2016-04-23 02:45:17.773+0000 INFO  [o.n.k.i.DiagnosticsManager]:  [classpath + loader.0] file:/Users/liudonghua/.m2/repository/org/apache/tomcat/embed/tomcat-embed-core/8.0.32/tomcat-embed-core-8.0.32.jar
2016-04-23 02:45:17.773+0000 INFO  [o.n.k.i.DiagnosticsManager]:  [loader.1] file:/Library/Java/JavaVirtualMachines/jdk1.8.0_65.jdk/Contents/Home/jre/lib/ext/zipfs.jar
2016-04-23 02:45:17.773+0000 INFO  [o.n.k.i.DiagnosticsManager]:  [classpath + loader.0] file:/Users/liudonghua/.m2/repository/aopalliance/aopalliance/1.0/aopalliance-1.0.jar
2016-04-23 02:45:17.773+0000 INFO  [o.n.k.i.DiagnosticsManager]:  [classpath + loader.0] file:/Users/liudonghua/.m2/repository/org/aspectj/aspectjrt/1.8.8/aspectjrt-1.8.8.jar
2016-04-23 02:45:17.773+0000 INFO  [o.n.k.i.DiagnosticsManager]:  [classpath + loader.0] file:/Users/liudonghua/.m2/repository/com/sun/jersey/contribs/jersey-multipart/1.19/jersey-multipart-1.19.jar
2016-04-23 02:45:17.773+0000 INFO  [o.n.k.i.DiagnosticsManager]:  [classpath + loader.0] file:/Users/liudonghua/.m2/repository/org/slf4j/log4j-over-slf4j/1.7.16/log4j-over-slf4j-1.7.16.jar
2016-04-23 02:45:17.773+0000 INFO  [o.n.k.i.DiagnosticsManager]:  [classpath + loader.0] file:/Users/liudonghua/.m2/repository/org/springframework/spring-core/4.2.5.RELEASE/spring-core-4.2.5.RELEASE.jar
2016-04-23 02:45:17.773+0000 INFO  [o.n.k.i.DiagnosticsManager]:  [classpath + loader.0] file:/Users/liudonghua/.m2/repository/org/neo4j/neo4j-lucene-index/2.2.5/neo4j-lucene-index-2.2.5.jar
2016-04-23 02:45:17.773+0000 INFO  [o.n.k.i.DiagnosticsManager]:  [classpath + loader.0] file:/Users/liudonghua/.m2/repository/javax/validation/validation-api/1.1.0.Final/validation-api-1.1.0.Final.jar
2016-04-23 02:45:17.773+0000 INFO  [o.n.k.i.DiagnosticsManager]:  [classpath + loader.0] file:/Users/liudonghua/.m2/repository/org/eclipse/jetty/jetty-xml/9.2.15.v20160210/jetty-xml-9.2.15.v20160210.jar
2016-04-23 02:45:17.773+0000 INFO  [o.n.k.i.DiagnosticsManager]:  [bootstrap] /Library/Java/JavaVirtualMachines/jdk1.8.0_65.jdk/Contents/Home/jre/lib/charsets.jar
2016-04-23 02:45:17.773+0000 INFO  [o.n.k.i.DiagnosticsManager]:  [classpath + loader.0] file:/Users/liudonghua/.m2/repository/javax/servlet/javax.servlet-api/3.1.0/javax.servlet-api-3.1.0.jar
2016-04-23 02:45:17.773+0000 INFO  [o.n.k.i.DiagnosticsManager]:  [loader.1] file:/Library/Java/JavaVirtualMachines/jdk1.8.0_65.jdk/Contents/Home/jre/lib/ext/sunpkcs11.jar
2016-04-23 02:45:17.774+0000 INFO  [o.n.k.i.DiagnosticsManager]:  [classpath + loader.0] file:/Users/liudonghua/.m2/repository/org/springframework/spring-tx/4.2.5.RELEASE/spring-tx-4.2.5.RELEASE.jar
2016-04-23 02:45:17.774+0000 INFO  [o.n.k.i.DiagnosticsManager]:  [classpath + loader.0] file:/Users/liudonghua/.m2/repository/org/parboiled/parboiled-scala_2.10/1.1.7/parboiled-scala_2.10-1.1.7.jar
2016-04-23 02:45:17.774+0000 INFO  [o.n.k.i.DiagnosticsManager]:  [loader.1] file:/Library/Java/JavaVirtualMachines/jdk1.8.0_65.jdk/Contents/Home/jre/lib/ext/localedata.jar
2016-04-23 02:45:17.774+0000 INFO  [o.n.k.i.DiagnosticsManager]:  [classpath + loader.0] file:/Users/liudonghua/code/java/movie-recommendation-demo/target/classes/
2016-04-23 02:45:17.774+0000 INFO  [o.n.k.i.DiagnosticsManager]:  [classpath + loader.0] file:/Users/liudonghua/.m2/repository/org/neo4j/neo4j-cypher-dsl/2.0.1/neo4j-cypher-dsl-2.0.1.jar
2016-04-23 02:45:17.774+0000 INFO  [o.n.k.i.DiagnosticsManager]:  [classpath + loader.0] file:/Users/liudonghua/.m2/repository/org/neo4j/neo4j-udc/2.2.5/neo4j-udc-2.2.5.jar
2016-04-23 02:45:17.774+0000 INFO  [o.n.k.i.DiagnosticsManager]:  [classpath + loader.0] file:/Users/liudonghua/.m2/repository/org/springframework/spring-webmvc/4.2.5.RELEASE/spring-webmvc-4.2.5.RELEASE.jar
2016-04-23 02:45:17.774+0000 INFO  [o.n.k.i.DiagnosticsManager]:  [bootstrap] /Library/Java/JavaVirtualMachines/jdk1.8.0_65.jdk/Contents/Home/jre/lib/resources.jar
2016-04-23 02:45:17.774+0000 INFO  [o.n.k.i.DiagnosticsManager]:  [classpath + loader.0] file:/Users/liudonghua/.m2/repository/org/apache/tomcat/embed/tomcat-embed-el/8.0.32/tomcat-embed-el-8.0.32.jar
2016-04-23 02:45:17.774+0000 INFO  [o.n.k.i.DiagnosticsManager]:  [classpath + loader.0] file:/Users/liudonghua/.m2/repository/org/springframework/data/spring-data-rest-core/2.4.4.RELEASE/spring-data-rest-core-2.4.4.RELEASE.jar
2016-04-23 02:45:17.774+0000 INFO  [o.n.k.i.DiagnosticsManager]:  [classpath + loader.0] file:/Users/liudonghua/.m2/repository/org/neo4j/neo4j-csv/2.2.5/neo4j-csv-2.2.5.jar
2016-04-23 02:45:17.774+0000 INFO  [o.n.k.i.DiagnosticsManager]:  [classpath + loader.0] file:/Users/liudonghua/.m2/repository/org/springframework/spring-web/4.2.5.RELEASE/spring-web-4.2.5.RELEASE.jar
2016-04-23 02:45:17.774+0000 INFO  [o.n.k.i.DiagnosticsManager]:  [classpath + loader.0] file:/Users/liudonghua/.m2/repository/org/springframework/spring-beans/4.2.5.RELEASE/spring-beans-4.2.5.RELEASE.jar
2016-04-23 02:45:17.774+0000 INFO  [o.n.k.i.DiagnosticsManager]:  [classpath + loader.0] file:/Users/liudonghua/.m2/repository/org/springframework/hateoas/spring-hateoas/0.19.0.RELEASE/spring-hateoas-0.19.0.RELEASE.jar
2016-04-23 02:45:17.774+0000 INFO  [o.n.k.i.DiagnosticsManager]:  [classpath + loader.0] file:/Users/liudonghua/.m2/repository/org/neo4j/neo4j-kernel/2.2.5/neo4j-kernel-2.2.5-tests.jar
2016-04-23 02:45:17.774+0000 INFO  [o.n.k.i.DiagnosticsManager]:  [classpath + loader.0] file:/Users/liudonghua/.m2/repository/org/scala-lang/scala-reflect/2.10.5/scala-reflect-2.10.5.jar
2016-04-23 02:45:17.774+0000 INFO  [o.n.k.i.DiagnosticsManager]:  [classpath + loader.0] file:/Users/liudonghua/.m2/repository/org/neo4j/neo4j-jmx/2.2.5/neo4j-jmx-2.2.5.jar
2016-04-23 02:45:17.774+0000 INFO  [o.n.k.i.DiagnosticsManager]:  [classpath + loader.0] file:/Users/liudonghua/.m2/repository/org/rrd4j/rrd4j/2.2/rrd4j-2.2.jar
2016-04-23 02:45:17.774+0000 INFO  [o.n.k.i.DiagnosticsManager]:  [classpath + loader.0] file:/Users/liudonghua/.m2/repository/org/springframework/boot/spring-boot-starter-web/1.3.3.RELEASE/spring-boot-starter-web-1.3.3.RELEASE.jar
2016-04-23 02:45:17.774+0000 INFO  [o.n.k.i.DiagnosticsManager]:  [classpath + loader.0] file:/Users/liudonghua/.m2/repository/org/neo4j/neo4j-io/2.2.5/neo4j-io-2.2.5.jar
2016-04-23 02:45:17.774+0000 INFO  [o.n.k.i.DiagnosticsManager]:  [classpath + loader.0] file:/Users/liudonghua/.m2/repository/org/neo4j/neo4j-cypher-compiler-1.9/2.0.4/neo4j-cypher-compiler-1.9-2.0.4.jar
2016-04-23 02:45:17.774+0000 INFO  [o.n.k.i.DiagnosticsManager]:  [classpath + loader.0] file:/Users/liudonghua/.m2/repository/org/springframework/plugin/spring-plugin-core/1.2.0.RELEASE/spring-plugin-core-1.2.0.RELEASE.jar
2016-04-23 02:45:17.774+0000 INFO  [o.n.k.i.DiagnosticsManager]:  [classpath + loader.0] file:/Users/liudonghua/.m2/repository/org/codehaus/jackson/jackson-jaxrs/1.9.7/jackson-jaxrs-1.9.7.jar
2016-04-23 02:45:17.774+0000 INFO  [o.n.k.i.DiagnosticsManager]:  [classpath + loader.0] file:/Users/liudonghua/.m2/repository/ch/qos/logback/logback-classic/1.1.5/logback-classic-1.1.5.jar
2016-04-23 02:45:17.774+0000 INFO  [o.n.k.i.DiagnosticsManager]:  [classpath + loader.0] file:/Users/liudonghua/.m2/repository/com/sun/jersey/jersey-client/1.9/jersey-client-1.9.jar
2016-04-23 02:45:17.774+0000 INFO  [o.n.k.i.DiagnosticsManager]:  [classpath + loader.0] file:/Users/liudonghua/.m2/repository/com/github/fge/jackson-coreutils/1.6/jackson-coreutils-1.6.jar
2016-04-23 02:45:17.775+0000 INFO  [o.n.k.i.DiagnosticsManager]:  [classpath + loader.0] file:/Users/liudonghua/.m2/repository/org/slf4j/jcl-over-slf4j/1.7.16/jcl-over-slf4j-1.7.16.jar
2016-04-23 02:45:17.775+0000 INFO  [o.n.k.i.DiagnosticsManager]:  [classpath + loader.0] file:/Users/liudonghua/.m2/repository/com/github/fge/btf/1.2/btf-1.2.jar
2016-04-23 02:45:17.775+0000 INFO  [o.n.k.i.DiagnosticsManager]:  [classpath + loader.0] file:/Users/liudonghua/.m2/repository/org/codehaus/jackson/jackson-core-asl/1.9.7/jackson-core-asl-1.9.7.jar
2016-04-23 02:45:17.775+0000 INFO  [o.n.k.i.DiagnosticsManager]:  [bootstrap] /Library/Java/JavaVirtualMachines/jdk1.8.0_65.jdk/Contents/Home/jre/classes
2016-04-23 02:45:17.775+0000 INFO  [o.n.k.i.DiagnosticsManager]:  [classpath + loader.0] file:/Users/liudonghua/.m2/repository/org/slf4j/slf4j-api/1.7.16/slf4j-api-1.7.16.jar
2016-04-23 02:45:17.775+0000 INFO  [o.n.k.i.DiagnosticsManager]:  [classpath + loader.0] file:/Users/liudonghua/.m2/repository/org/aspectj/aspectjweaver/1.8.8/aspectjweaver-1.8.8.jar
2016-04-23 02:45:17.775+0000 INFO  [o.n.k.i.DiagnosticsManager]:  [classpath + loader.0] file:/Users/liudonghua/.m2/repository/org/springframework/data/spring-data-commons/1.11.4.RELEASE/spring-data-commons-1.11.4.RELEASE.jar
2016-04-23 02:45:17.775+0000 INFO  [o.n.k.i.DiagnosticsManager]:  [classpath + loader.0] file:/Users/liudonghua/.m2/repository/commons-beanutils/commons-beanutils/1.9.2/commons-beanutils-1.9.2.jar
2016-04-23 02:45:17.775+0000 INFO  [o.n.k.i.DiagnosticsManager]:  [classpath + loader.0] file:/Users/liudonghua/.m2/repository/org/jboss/logging/jboss-logging/3.3.0.Final/jboss-logging-3.3.0.Final.jar
2016-04-23 02:45:17.775+0000 INFO  [o.n.k.i.DiagnosticsManager]:  [classpath + loader.0] file:/Users/liudonghua/.m2/repository/org/neo4j/server-api/2.2.5/server-api-2.2.5.jar
2016-04-23 02:45:17.775+0000 INFO  [o.n.k.i.DiagnosticsManager]:  [classpath + loader.0] file:/Users/liudonghua/.m2/repository/org/scala-lang/scala-library/2.10.5/scala-library-2.10.5.jar
2016-04-23 02:45:17.775+0000 INFO  [o.n.k.i.DiagnosticsManager]:  [classpath + loader.0] file:/Users/liudonghua/.m2/repository/com/sun/jersey/jersey-server/1.19/jersey-server-1.19.jar
2016-04-23 02:45:17.775+0000 INFO  [o.n.k.i.DiagnosticsManager]:  [classpath + loader.0] file:/Users/liudonghua/.m2/repository/org/yaml/snakeyaml/1.16/snakeyaml-1.16.jar
2016-04-23 02:45:17.775+0000 INFO  [o.n.k.i.DiagnosticsManager]:  [classpath + loader.0] file:/Users/liudonghua/.m2/repository/org/springframework/data/spring-data-neo4j-rest/3.4.4.RELEASE/spring-data-neo4j-rest-3.4.4.RELEASE.jar
2016-04-23 02:45:17.775+0000 INFO  [o.n.k.i.DiagnosticsManager]:  [classpath + loader.0] file:/Users/liudonghua/.m2/repository/org/eclipse/jetty/jetty-util/9.2.15.v20160210/jetty-util-9.2.15.v20160210.jar
2016-04-23 02:45:17.775+0000 INFO  [o.n.k.i.DiagnosticsManager]:  [bootstrap] /Library/Java/JavaVirtualMachines/jdk1.8.0_65.jdk/Contents/Home/jre/lib/sunrsasign.jar
2016-04-23 02:45:17.775+0000 INFO  [o.n.k.i.DiagnosticsManager]:  [classpath + loader.0] file:/Users/liudonghua/.m2/repository/org/springframework/boot/spring-boot-starter-data-rest/1.3.3.RELEASE/spring-boot-starter-data-rest-1.3.3.RELEASE.jar
2016-04-23 02:45:17.776+0000 INFO  [o.n.k.i.DiagnosticsManager]:  [classpath + loader.0] file:/Users/liudonghua/.m2/repository/org/codehaus/jackson/jackson-mapper-asl/1.9.7/jackson-mapper-asl-1.9.7.jar
2016-04-23 02:45:17.776+0000 INFO  [o.n.k.i.DiagnosticsManager]:  [classpath + loader.0] file:/Users/liudonghua/.m2/repository/org/parboiled/parboiled-core/1.1.7/parboiled-core-1.1.7.jar
2016-04-23 02:45:17.776+0000 INFO  [o.n.k.i.DiagnosticsManager]:  [classpath + loader.0] file:/Users/liudonghua/.m2/repository/org/neo4j/app/neo4j-server/2.2.5/neo4j-server-2.2.5.jar
2016-04-23 02:45:17.776+0000 INFO  [o.n.k.i.DiagnosticsManager]:  [classpath + loader.0] file:/Users/liudonghua/.m2/repository/org/neo4j/neo4j-shell/2.2.5/neo4j-shell-2.2.5.jar
2016-04-23 02:45:17.776+0000 INFO  [o.n.k.i.DiagnosticsManager]:  [classpath + loader.0] file:/Users/liudonghua/.m2/repository/org/springframework/data/spring-data-rest-webmvc/2.4.4.RELEASE/spring-data-rest-webmvc-2.4.4.RELEASE.jar
2016-04-23 02:45:17.776+0000 INFO  [o.n.k.i.DiagnosticsManager]:  [classpath + loader.0] file:/Users/liudonghua/.m2/repository/org/springframework/boot/spring-boot-starter-tomcat/1.3.3.RELEASE/spring-boot-starter-tomcat-1.3.3.RELEASE.jar
2016-04-23 02:45:17.776+0000 INFO  [o.n.k.i.DiagnosticsManager]:  [classpath + loader.0] file:/Users/liudonghua/.m2/repository/org/springframework/spring-expression/4.2.5.RELEASE/spring-expression-4.2.5.RELEASE.jar
2016-04-23 02:45:17.776+0000 INFO  [o.n.k.i.DiagnosticsManager]:  [classpath + loader.0] file:/Users/liudonghua/.m2/repository/ch/qos/logback/logback-access/1.1.5/logback-access-1.1.5.jar
2016-04-23 02:45:17.776+0000 INFO  [o.n.k.i.DiagnosticsManager]:  [classpath + loader.0] file:/Users/liudonghua/.m2/repository/org/neo4j/neo4j-cypher-compiler-2.2/2.2.5/neo4j-cypher-compiler-2.2-2.2.5.jar
2016-04-23 02:45:17.776+0000 INFO  [o.n.k.i.DiagnosticsManager]:  [classpath + loader.0] file:/Users/liudonghua/.m2/repository/org/neo4j/neo4j-kernel/2.2.5/neo4j-kernel-2.2.5.jar
2016-04-23 02:45:17.776+0000 INFO  [o.n.k.i.DiagnosticsManager]:  [classpath + loader.0] file:/Users/liudonghua/.m2/repository/org/neo4j/3rdparty/javax/ws/rs/jsr311-api/1.1.2.r612/jsr311-api-1.1.2.r612.jar
2016-04-23 02:45:17.776+0000 INFO  [o.n.k.i.DiagnosticsManager]:  [classpath + loader.0] file:/Users/liudonghua/.m2/repository/org/neo4j/neo4j-consistency-check/2.2.5/neo4j-consistency-check-2.2.5.jar
2016-04-23 02:45:17.776+0000 INFO  [o.n.k.i.DiagnosticsManager]:  [classpath + loader.0] file:/Users/liudonghua/.m2/repository/com/github/fge/msg-simple/1.1/msg-simple-1.1.jar
2016-04-23 02:45:17.776+0000 INFO  [o.n.k.i.DiagnosticsManager]:  [bootstrap] /Library/Java/JavaVirtualMachines/jdk1.8.0_65.jdk/Contents/Home/jre/lib/jsse.jar
2016-04-23 02:45:17.776+0000 INFO  [o.n.k.i.DiagnosticsManager]:  [classpath + loader.0] file:/Users/liudonghua/.m2/repository/org/neo4j/neo4j-graph-matching/2.2.5/neo4j-graph-matching-2.2.5.jar
2016-04-23 02:45:17.776+0000 INFO  [o.n.k.i.DiagnosticsManager]:  [classpath + loader.0] file:/Users/liudonghua/.m2/repository/org/hibernate/hibernate-validator/5.2.4.Final/hibernate-validator-5.2.4.Final.jar
2016-04-23 02:45:17.776+0000 INFO  [o.n.k.i.DiagnosticsManager]:  [classpath + loader.0] file:/Users/liudonghua/.m2/repository/org/springframework/spring-aspects/4.2.5.RELEASE/spring-aspects-4.2.5.RELEASE.jar
2016-04-23 02:45:17.776+0000 INFO  [o.n.k.i.DiagnosticsManager]:  [classpath + loader.0] file:/Users/liudonghua/.m2/repository/org/springframework/boot/spring-boot-starter/1.3.3.RELEASE/spring-boot-starter-1.3.3.RELEASE.jar
2016-04-23 02:45:17.776+0000 INFO  [o.n.k.i.DiagnosticsManager]:  [bootstrap] /Library/Java/JavaVirtualMachines/jdk1.8.0_65.jdk/Contents/Home/jre/lib/rt.jar
2016-04-23 02:45:17.776+0000 INFO  [o.n.k.i.DiagnosticsManager]:  [classpath + loader.0] file:/Users/liudonghua/.m2/repository/org/neo4j/neo4j-cypher-compiler-2.0/2.0.4/neo4j-cypher-compiler-2.0-2.0.4.jar
2016-04-23 02:45:17.776+0000 INFO  [o.n.k.i.DiagnosticsManager]:  [loader.1] file:/Library/Java/JavaVirtualMachines/jdk1.8.0_65.jdk/Contents/Home/jre/lib/ext/nashorn.jar
2016-04-23 02:45:17.776+0000 INFO  [o.n.k.i.DiagnosticsManager]:  [classpath + loader.0] file:/Users/liudonghua/.m2/repository/org/springframework/boot/spring-boot-autoconfigure/1.3.3.RELEASE/spring-boot-autoconfigure-1.3.3.RELEASE.jar
2016-04-23 02:45:17.777+0000 INFO  [o.n.k.i.DiagnosticsManager]:  [classpath + loader.0] file:/Users/liudonghua/.m2/repository/org/atteo/evo-inflector/1.2.1/evo-inflector-1.2.1.jar
2016-04-23 02:45:17.777+0000 INFO  [o.n.k.i.DiagnosticsManager]:  [classpath + loader.0] file:/Users/liudonghua/.m2/repository/org/slf4j/jul-to-slf4j/1.7.16/jul-to-slf4j-1.7.16.jar
2016-04-23 02:45:17.777+0000 INFO  [o.n.k.i.DiagnosticsManager]:  [classpath + loader.0] file:/Users/liudonghua/.m2/repository/org/neo4j/neo4j/2.2.5/neo4j-2.2.5.jar
2016-04-23 02:45:17.777+0000 INFO  [o.n.k.i.DiagnosticsManager]:  [classpath + loader.0] file:/Users/liudonghua/.m2/repository/com/fasterxml/jackson/core/jackson-core/2.6.5/jackson-core-2.6.5.jar
2016-04-23 02:45:17.777+0000 INFO  [o.n.k.i.DiagnosticsManager]:  [classpath + loader.0] file:/Users/liudonghua/.m2/repository/bouncycastle/bcprov-jdk16/140/bcprov-jdk16-140.jar
2016-04-23 02:45:17.777+0000 INFO  [o.n.k.i.DiagnosticsManager]:  [classpath + loader.0] file:/Users/liudonghua/.m2/repository/commons-collections/commons-collections/3.2.2/commons-collections-3.2.2.jar
2016-04-23 02:45:17.777+0000 INFO  [o.n.k.i.DiagnosticsManager]:  [classpath + loader.0] file:/Users/liudonghua/.m2/repository/org/apache/servicemix/bundles/org.apache.servicemix.bundles.jline/0.9.94_1/org.apache.servicemix.bundles.jline-0.9.94_1.jar
2016-04-23 02:45:17.777+0000 INFO  [o.n.k.i.DiagnosticsManager]:  [classpath + loader.0] file:/Users/liudonghua/.m2/repository/net/sf/opencsv/opencsv/2.3/opencsv-2.3.jar
2016-04-23 02:45:17.777+0000 INFO  [o.n.k.i.DiagnosticsManager]:  [classpath + loader.0] file:/Users/liudonghua/.m2/repository/org/springframework/spring-aop/4.2.5.RELEASE/spring-aop-4.2.5.RELEASE.jar
2016-04-23 02:45:17.777+0000 INFO  [o.n.k.i.DiagnosticsManager]:  [loader.1] file:/Library/Java/JavaVirtualMachines/jdk1.8.0_65.jdk/Contents/Home/jre/lib/ext/jfxrt.jar
2016-04-23 02:45:17.777+0000 INFO  [o.n.k.i.DiagnosticsManager]:  [classpath + loader.0] file:/Users/liudonghua/.m2/repository/org/eclipse/jetty/jetty-server/9.2.15.v20160210/jetty-server-9.2.15.v20160210.jar
2016-04-23 02:45:17.777+0000 INFO  [o.n.k.i.DiagnosticsManager]:  [classpath + loader.0] file:/Users/liudonghua/.m2/repository/com/fasterxml/classmate/1.1.0/classmate-1.1.0.jar
2016-04-23 02:45:17.777+0000 INFO  [o.n.k.i.DiagnosticsManager]:  [classpath + loader.0] file:/Users/liudonghua/.m2/repository/com/fasterxml/jackson/core/jackson-annotations/2.6.5/jackson-annotations-2.6.5.jar
2016-04-23 02:45:17.777+0000 INFO  [o.n.k.i.DiagnosticsManager]:  [loader.1] file:/System/Library/Java/Extensions/MRJToolkit.jar
2016-04-23 02:45:17.777+0000 INFO  [o.n.k.i.DiagnosticsManager]:  [classpath + loader.0] file:/Users/liudonghua/.m2/repository/org/neo4j/neo4j-cypher-compiler-2.1/2.1.8/neo4j-cypher-compiler-2.1-2.1.8.jar
2016-04-23 02:45:17.777+0000 INFO  [o.n.k.i.DiagnosticsManager]:  [classpath + loader.0] file:/Users/liudonghua/.m2/repository/org/neo4j/neo4j-unsafe/2.2.5/neo4j-unsafe-2.2.5.jar
2016-04-23 02:45:17.777+0000 INFO  [o.n.k.i.DiagnosticsManager]:  [classpath + loader.0] file:/Users/liudonghua/.m2/repository/org/springframework/boot/spring-boot/1.3.3.RELEASE/spring-boot-1.3.3.RELEASE.jar
2016-04-23 02:45:17.777+0000 INFO  [o.n.k.i.DiagnosticsManager]:  [classpath + loader.0] file:/Users/liudonghua/.m2/repository/com/github/fge/json-patch/1.7/json-patch-1.7.jar
2016-04-23 02:45:17.777+0000 INFO  [o.n.k.i.DiagnosticsManager]:  [classpath + loader.0] file:/Users/liudonghua/.m2/repository/com/google/guava/guava/16.0.1/guava-16.0.1.jar
2016-04-23 02:45:17.777+0000 INFO  [o.n.k.i.DiagnosticsManager]:  [loader.1] file:/Library/Java/JavaVirtualMachines/jdk1.8.0_65.jdk/Contents/Home/jre/lib/ext/cldrdata.jar
2016-04-23 02:45:17.777+0000 INFO  [o.n.k.i.DiagnosticsManager]:  [classpath + loader.0] file:/Users/liudonghua/.m2/repository/org/eclipse/jetty/jetty-servlet/9.2.15.v20160210/jetty-servlet-9.2.15.v20160210.jar
2016-04-23 02:45:17.777+0000 INFO  [o.n.k.i.DiagnosticsManager]:  [classpath + loader.0] file:/Users/liudonghua/.m2/repository/org/eclipse/jetty/jetty-security/9.2.15.v20160210/jetty-security-9.2.15.v20160210.jar
2016-04-23 02:45:17.777+0000 INFO  [o.n.k.i.DiagnosticsManager]:  [classpath + loader.0] file:/Users/liudonghua/.m2/repository/org/jvnet/mimepull/mimepull/1.9.3/mimepull-1.9.3.jar
2016-04-23 02:45:17.777+0000 INFO  [o.n.k.i.DiagnosticsManager]:  [classpath + loader.0] file:/Users/liudonghua/.m2/repository/com/fasterxml/jackson/core/jackson-databind/2.6.5/jackson-databind-2.6.5.jar
2016-04-23 02:45:17.777+0000 INFO  [o.n.k.i.DiagnosticsManager]:  [classpath + loader.0] file:/Users/liudonghua/.m2/repository/org/neo4j/neo4j-primitive-collections/2.2.5/neo4j-primitive-collections-2.2.5.jar
2016-04-23 02:45:17.778+0000 INFO  [o.n.k.i.DiagnosticsManager]:  [classpath + loader.0] file:/Users/liudonghua/.m2/repository/com/sun/jersey/jersey-core/1.9/jersey-core-1.9.jar
2016-04-23 02:45:17.778+0000 INFO  [o.n.k.i.DiagnosticsManager]:  [classpath + loader.0] file:/Users/liudonghua/.m2/repository/org/neo4j/test/neo4j-harness/2.2.5/neo4j-harness-2.2.5.jar
2016-04-23 02:45:17.778+0000 INFO  [o.n.k.i.DiagnosticsManager]:  [classpath + loader.0] file:/Users/liudonghua/.m2/repository/org/springframework/boot/spring-boot-starter-validation/1.3.3.RELEASE/spring-boot-starter-validation-1.3.3.RELEASE.jar
2016-04-23 02:45:17.778+0000 INFO  [o.n.k.i.DiagnosticsManager]:  [classpath + loader.0] file:/Users/liudonghua/.m2/repository/org/apache/lucene/lucene-core/3.6.2/lucene-core-3.6.2.jar
2016-04-23 02:45:17.778+0000 INFO  [o.n.k.i.DiagnosticsManager]:  [classpath + loader.0] file:/Users/liudonghua/.m2/repository/com/googlecode/concurrentlinkedhashmap/concurrentlinkedhashmap-lru/1.4/concurrentlinkedhashmap-lru-1.4.jar
2016-04-23 02:45:17.778+0000 INFO  [o.n.k.i.DiagnosticsManager]:  [classpath + loader.0] file:/Users/liudonghua/.m2/repository/ch/qos/logback/logback-core/1.1.5/logback-core-1.1.5.jar
2016-04-23 02:45:17.778+0000 INFO  [o.n.k.i.DiagnosticsManager]:  [classpath + loader.0] file:/Users/liudonghua/.m2/repository/org/neo4j/app/neo4j-browser/2.2.5/neo4j-browser-2.2.5.jar
2016-04-23 02:45:17.778+0000 INFO  [o.n.k.i.DiagnosticsManager]:  [classpath + loader.0] file:/Users/liudonghua/.m2/repository/org/apache/tomcat/embed/tomcat-embed-logging-juli/8.0.32/tomcat-embed-logging-juli-8.0.32.jar
2016-04-23 02:45:17.778+0000 INFO  [o.n.k.i.DiagnosticsManager]:  [classpath + loader.0] file:/Users/liudonghua/.m2/repository/com/sun/jersey/jersey-servlet/1.19/jersey-servlet-1.19.jar
2016-04-23 02:45:17.778+0000 INFO  [o.n.k.i.DiagnosticsManager]:  [classpath + loader.0] file:/Users/liudonghua/.m2/repository/org/mozilla/rhino/1.7R4/rhino-1.7R4.jar
2016-04-23 02:45:17.778+0000 INFO  [o.n.k.i.DiagnosticsManager]:  [loader.1] file:/Library/Java/JavaVirtualMachines/jdk1.8.0_65.jdk/Contents/Home/jre/lib/ext/jaccess.jar
2016-04-23 02:45:17.778+0000 INFO  [o.n.k.i.DiagnosticsManager]:  [classpath + loader.0] file:/Users/liudonghua/.m2/repository/commons-lang/commons-lang/2.6/commons-lang-2.6.jar
2016-04-23 02:45:17.778+0000 INFO  [o.n.k.i.DiagnosticsManager]:  [classpath + loader.0] file:/Users/liudonghua/.m2/repository/org/codehaus/janino/commons-compiler/2.7.8/commons-compiler-2.7.8.jar
2016-04-23 02:45:17.778+0000 INFO  [o.n.k.i.DiagnosticsManager]:  [classpath + loader.0] file:/Users/liudonghua/.m2/repository/org/springframework/spring-context/4.2.5.RELEASE/spring-context-4.2.5.RELEASE.jar
2016-04-23 02:45:17.778+0000 INFO  [o.n.k.i.DiagnosticsManager]:  [bootstrap] /Library/Java/JavaVirtualMachines/jdk1.8.0_65.jdk/Contents/Home/jre/lib/jfr.jar
2016-04-23 02:45:17.778+0000 INFO  [o.n.k.i.DiagnosticsManager]:  [loader.1] file:/Library/Java/JavaVirtualMachines/jdk1.8.0_65.jdk/Contents/Home/jre/lib/ext/dnsns.jar
2016-04-23 02:45:17.778+0000 INFO  [o.n.k.i.DiagnosticsManager]:  [classpath + loader.0] file:/Users/liudonghua/.m2/repository/org/codehaus/janino/janino/2.7.8/janino-2.7.8.jar
2016-04-23 02:45:17.778+0000 INFO  [o.n.k.i.DiagnosticsManager]:  [classpath + loader.0] file:/Users/liudonghua/.m2/repository/org/eclipse/jetty/jetty-webapp/9.2.15.v20160210/jetty-webapp-9.2.15.v20160210.jar
2016-04-23 02:45:17.778+0000 INFO  [o.n.k.i.DiagnosticsManager]:  [classpath + loader.0] file:/Users/liudonghua/.m2/repository/org/eclipse/jetty/jetty-http/9.2.15.v20160210/jetty-http-9.2.15.v20160210.jar
2016-04-23 02:45:17.778+0000 INFO  [o.n.k.i.DiagnosticsManager]:  [classpath + loader.0] file:/Users/liudonghua/.m2/repository/javax/transaction/javax.transaction-api/1.2/javax.transaction-api-1.2.jar
2016-04-23 02:45:17.778+0000 INFO  [o.n.k.i.DiagnosticsManager]:  [loader.1] file:/Library/Java/JavaVirtualMachines/jdk1.8.0_65.jdk/Contents/Home/jre/lib/ext/sunjce_provider.jar
2016-04-23 02:45:17.778+0000 INFO  [o.n.k.i.DiagnosticsManager]:  [classpath + loader.0] file:/Users/liudonghua/.m2/repository/org/neo4j/neo4j-cypher/2.2.5/neo4j-cypher-2.2.5.jar
2016-04-23 02:45:17.778+0000 INFO  [o.n.k.i.DiagnosticsManager]:  [classpath + loader.0] file:/Users/liudonghua/.m2/repository/org/apache/tomcat/embed/tomcat-embed-websocket/8.0.32/tomcat-embed-websocket-8.0.32.jar
2016-04-23 02:45:17.778+0000 INFO  [o.n.k.i.DiagnosticsManager]:  [classpath + loader.0] file:/Users/liudonghua/.m2/repository/commons-logging/commons-logging/1.1.1/commons-logging-1.1.1.jar
2016-04-23 02:45:17.778+0000 INFO  [o.n.k.i.DiagnosticsManager]:  [classpath + loader.0] file:/Users/liudonghua/.m2/repository/org/springframework/boot/spring-boot-starter-logging/1.3.3.RELEASE/spring-boot-starter-logging-1.3.3.RELEASE.jar
2016-04-23 02:45:17.778+0000 INFO  [o.n.k.i.DiagnosticsManager]: Library path:
2016-04-23 02:45:17.779+0000 INFO  [o.n.k.i.DiagnosticsManager]: /Users/liudonghua/Library/Java/Extensions
2016-04-23 02:45:17.779+0000 INFO  [o.n.k.i.DiagnosticsManager]: /Library/Java/Extensions
2016-04-23 02:45:17.779+0000 INFO  [o.n.k.i.DiagnosticsManager]: /Network/Library/Java/Extensions
2016-04-23 02:45:17.779+0000 INFO  [o.n.k.i.DiagnosticsManager]: /System/Library/Java/Extensions
2016-04-23 02:45:17.779+0000 INFO  [o.n.k.i.DiagnosticsManager]: /usr/lib/java
2016-04-23 02:45:17.779+0000 INFO  [o.n.k.i.DiagnosticsManager]: /Users/liudonghua/code/java/movie-recommendation-demo
2016-04-23 02:45:17.779+0000 INFO  [o.n.k.i.DiagnosticsManager]: System.properties:
2016-04-23 02:45:17.779+0000 INFO  [o.n.k.i.DiagnosticsManager]: sun.boot.library.path = /Library/Java/JavaVirtualMachines/jdk1.8.0_65.jdk/Contents/Home/jre/lib
2016-04-23 02:45:17.780+0000 INFO  [o.n.k.i.DiagnosticsManager]: user.country.format = CN
2016-04-23 02:45:17.780+0000 INFO  [o.n.k.i.DiagnosticsManager]: gopherProxySet = false
2016-04-23 02:45:17.780+0000 INFO  [o.n.k.i.DiagnosticsManager]: path.separator = :
2016-04-23 02:45:17.780+0000 INFO  [o.n.k.i.DiagnosticsManager]: file.encoding.pkg = sun.io
2016-04-23 02:45:17.780+0000 INFO  [o.n.k.i.DiagnosticsManager]: user.country = US
2016-04-23 02:45:17.780+0000 INFO  [o.n.k.i.DiagnosticsManager]: sun.java.launcher = SUN_STANDARD
2016-04-23 02:45:17.780+0000 INFO  [o.n.k.i.DiagnosticsManager]: sun.os.patch.level = unknown
2016-04-23 02:45:17.780+0000 INFO  [o.n.k.i.DiagnosticsManager]: PID = 4477
2016-04-23 02:45:17.780+0000 INFO  [o.n.k.i.DiagnosticsManager]: user.dir = /Users/liudonghua/code/java/movie-recommendation-demo
2016-04-23 02:45:17.780+0000 INFO  [o.n.k.i.DiagnosticsManager]: org.jboss.logging.provider = slf4j
2016-04-23 02:45:17.780+0000 INFO  [o.n.k.i.DiagnosticsManager]: sun.jnu.encoding = UTF-8
2016-04-23 02:45:17.780+0000 INFO  [o.n.k.i.DiagnosticsManager]: spring.beaninfo.ignore = true
2016-04-23 02:45:17.780+0000 INFO  [o.n.k.i.DiagnosticsManager]: sun.management.compiler = HotSpot 64-Bit Tiered Compilers
2016-04-23 02:45:17.780+0000 INFO  [o.n.k.i.DiagnosticsManager]: LOG_FILE = log.txt
2016-04-23 02:45:17.780+0000 INFO  [o.n.k.i.DiagnosticsManager]: http.nonProxyHosts = local|*.local|169.254/16|*.169.254/16
2016-04-23 02:45:17.780+0000 INFO  [o.n.k.i.DiagnosticsManager]: user.home = /Users/liudonghua
2016-04-23 02:45:17.780+0000 INFO  [o.n.k.i.DiagnosticsManager]: user.timezone = Asia/Shanghai
2016-04-23 02:45:17.780+0000 INFO  [o.n.k.i.DiagnosticsManager]: file.encoding = UTF-8
2016-04-23 02:45:17.780+0000 INFO  [o.n.k.i.DiagnosticsManager]: user.name = liudonghua
2016-04-23 02:45:17.780+0000 INFO  [o.n.k.i.DiagnosticsManager]: sun.java.command = com.liudonghua.apps.movie_recommendation_demo.MovieApplication
2016-04-23 02:45:17.780+0000 INFO  [o.n.k.i.DiagnosticsManager]: sun.arch.data.model = 64
2016-04-23 02:45:17.780+0000 INFO  [o.n.k.i.DiagnosticsManager]: user.language = en
2016-04-23 02:45:17.780+0000 INFO  [o.n.k.i.DiagnosticsManager]: awt.toolkit = sun.lwawt.macosx.LWCToolkit
2016-04-23 02:45:17.780+0000 INFO  [o.n.k.i.DiagnosticsManager]: file.separator = /
2016-04-23 02:45:17.780+0000 INFO  [o.n.k.i.DiagnosticsManager]: sun.io.unicode.encoding = UnicodeBig
2016-04-23 02:45:17.780+0000 INFO  [o.n.k.i.DiagnosticsManager]: sun.cpu.endian = little
2016-04-23 02:45:17.781+0000 INFO  [o.n.k.i.DiagnosticsManager]: socksNonProxyHosts = local|*.local|169.254/16|*.169.254/16
2016-04-23 02:45:17.781+0000 INFO  [o.n.k.i.DiagnosticsManager]: ftp.nonProxyHosts = local|*.local|169.254/16|*.169.254/16
2016-04-23 02:45:17.781+0000 INFO  [o.n.k.i.DiagnosticsManager]: sun.cpu.isalist = 
2016-04-23 02:45:17.781+0000 INFO  [o.n.k.i.DiagnosticsManager]: Network information:
2016-04-23 02:45:17.787+0000 INFO  [o.n.k.i.DiagnosticsManager]: Interface utun0:
2016-04-23 02:45:17.788+0000 INFO  [o.n.k.i.DiagnosticsManager]:     address: fe80:0:0:0:8a88:479d:8d42:78c2%utun0
2016-04-23 02:45:17.788+0000 INFO  [o.n.k.i.DiagnosticsManager]: Interface awdl0:
2016-04-23 02:45:17.789+0000 INFO  [o.n.k.i.DiagnosticsManager]:     address: fe80:0:0:0:8d2:91ff:fe6f:bb56%awdl0
2016-04-23 02:45:17.789+0000 INFO  [o.n.k.i.DiagnosticsManager]: Interface en0:
2016-04-23 02:45:17.789+0000 INFO  [o.n.k.i.DiagnosticsManager]:     address: fe80:0:0:0:bae8:56ff:fe28:d16c%en0
2016-04-23 02:45:17.789+0000 INFO  [o.n.k.i.DiagnosticsManager]:     address: 192.168.1.106
2016-04-23 02:45:17.789+0000 INFO  [o.n.k.i.DiagnosticsManager]: Interface lo0:
2016-04-23 02:45:17.789+0000 INFO  [o.n.k.i.DiagnosticsManager]:     address: fe80:0:0:0:0:0:0:1%lo0
2016-04-23 02:45:17.789+0000 INFO  [o.n.k.i.DiagnosticsManager]:     address: 0:0:0:0:0:0:0:1
2016-04-23 02:45:17.789+0000 INFO  [o.n.k.i.DiagnosticsManager]:     address: 127.0.0.1
2016-04-23 02:45:17.789+0000 INFO  [o.n.k.i.DiagnosticsManager]: --- INITIALIZED diagnostics END ---
2016-04-23 02:45:18.323+0000 INFO  [o.n.k.i.a.i.IndexingService]: IndexingService.init: index 1 on :label[0](property[0]) is ONLINE
2016-04-23 02:45:18.412+0000 INFO  [o.n.k.i.a.i.IndexingService]: IndexingService.init: index 3 on :label[1](property[0]) is ONLINE
2016-04-23 02:45:18.417+0000 INFO  [o.n.k.i.a.i.IndexingService]: IndexingService.init: index 5 on :label[1](property[1]) is ONLINE
2016-04-23 02:45:18.430+0000 INFO  [o.n.k.i.a.i.IndexingService]: IndexingService.init: index 6 on :label[2](property[0]) is ONLINE
2016-04-23 02:45:18.439+0000 INFO  [o.n.k.NeoStoreDataSource]: Opened logical log [resources/database_movie_recommend_neo4j.db/neostore.transaction.db.1] version=1, lastTxId=36 (clean)
2016-04-23 02:45:18.449+0000 INFO  [o.n.k.i.a.i.IndexingService]: IndexingService.start: index 1 on :User(id) is ONLINE
2016-04-23 02:45:18.450+0000 INFO  [o.n.k.i.a.i.IndexingService]: IndexingService.start: index 3 on :Movie(id) is ONLINE
2016-04-23 02:45:18.450+0000 INFO  [o.n.k.i.a.i.IndexingService]: IndexingService.start: index 5 on :Movie(title) is ONLINE
2016-04-23 02:45:18.450+0000 INFO  [o.n.k.i.a.i.IndexingService]: IndexingService.start: index 6 on :Genre(id) is ONLINE
2016-04-23 02:45:18.453+0000 WARN  [o.n.k.i.a.i.s.IndexSamplingController]: Recovering index sampling for index :User(id)
2016-04-23 02:45:18.459+0000 INFO  [o.n.k.i.a.i.s.OnlineIndexSamplingJob]: Sampled index :User(id) with 3 unique values in sample of avg size 3 taken from index containing 3 entries
2016-04-23 02:45:18.460+0000 WARN  [o.n.k.i.a.i.s.IndexSamplingController]: Recovering index sampling for index :Movie(title)
2016-04-23 02:45:18.463+0000 INFO  [o.n.k.i.a.i.s.OnlineIndexSamplingJob]: Sampled index :Movie(title) with 5 unique values in sample of avg size 5 taken from index containing 5 entries
2016-04-23 02:45:18.463+0000 WARN  [o.n.k.i.a.i.s.IndexSamplingController]: Recovering index sampling for index :Genre(id)
2016-04-23 02:45:18.464+0000 INFO  [o.n.k.i.a.i.s.OnlineIndexSamplingJob]: Sampled index :Genre(id) with 19 unique values in sample of avg size 19 taken from index containing 19 entries
2016-04-23 02:45:18.464+0000 WARN  [o.n.k.i.a.i.s.IndexSamplingController]: Recovering index sampling for index :Movie(id)
2016-04-23 02:45:18.465+0000 INFO  [o.n.k.i.a.i.s.OnlineIndexSamplingJob]: Sampled index :Movie(id) with 5 unique values in sample of avg size 5 taken from index containing 5 entries
2016-04-23 02:45:18.785+0000 INFO  [o.n.k.KernelHealth]: Kernel health set to OK
2016-04-23 02:45:19.365+0000 INFO  [o.n.k.i.DiagnosticsManager]: --- STARTED diagnostics for KernelDiagnostics:Versions START ---
2016-04-23 02:45:19.365+0000 INFO  [o.n.k.i.DiagnosticsManager]: Graph Database: org.neo4j.kernel.EmbeddedGraphDatabase StoreId{creationTime=1461379454773, randomId=1576173964914603609, storeVersion=14969031248344582, upgradeTime=1461379454773, upgradeId=1}
2016-04-23 02:45:19.365+0000 INFO  [o.n.k.i.DiagnosticsManager]: Kernel version: Neo4j - Browser (neo4j-browser), version: 2.2.5
2016-04-23 02:45:19.365+0000 INFO  [o.n.k.i.DiagnosticsManager]: Neo4j component versions:
2016-04-23 02:45:19.369+0000 INFO  [o.n.k.i.DiagnosticsManager]:   Neo4j - Cypher Compiler 1.9 (neo4j-cypher-compiler-1.9), version: 2.0.4; revision: 2.0.4:2.0-maint:130/4a7d10bc274a5d26a180bbe9df25100e8a694748
2016-04-23 02:45:19.369+0000 INFO  [o.n.k.i.DiagnosticsManager]:   Neo4j - Cypher Compiler 2.2 (neo4j-cypher-compiler-2.2), version: 2.2.5; revision: 2.2.5:2.2:151/cf9c7fe724d193d2d54c55eb0c82cc9036fc05d6-dirty
2016-04-23 02:45:19.369+0000 INFO  [o.n.k.i.DiagnosticsManager]:   Neo4j - Consistency Checker (neo4j-consistency-check), version: 2.2.5; revision: 2.2.5:2.2:151/cf9c7fe724d193d2d54c55eb0c82cc9036fc05d6-dirty
2016-04-23 02:45:19.369+0000 INFO  [o.n.k.i.DiagnosticsManager]:   Neo4j - Test Harness (neo4j-harness), version: 2.2.5; revision: 2.2.5:2.2:151/cf9c7fe724d193d2d54c55eb0c82cc9036fc05d6-dirty
2016-04-23 02:45:19.369+0000 INFO  [o.n.k.i.DiagnosticsManager]:   Neo4j - Browser (neo4j-browser), version: 2.2.5; revision: 2.2.5:2.2:151/cf9c7fe724d193d2d54c55eb0c82cc9036fc05d6-dirty
2016-04-23 02:45:19.369+0000 INFO  [o.n.k.i.DiagnosticsManager]:   Neo4j - Cypher Compiler 2.1 (neo4j-cypher-compiler-2.1), version: 2.1.8; revision: 2.1.8:2.1-maint:687/5c83ce3a5ddf33259593f719153ce71a6fe89fc7
2016-04-23 02:45:19.369+0000 INFO  [o.n.k.i.DiagnosticsManager]:   Neo4j - Generic shell (neo4j-shell), version: 2.2.5; revision: 2.2.5:2.2:151/cf9c7fe724d193d2d54c55eb0c82cc9036fc05d6-dirty
2016-04-23 02:45:19.369+0000 INFO  [o.n.k.i.DiagnosticsManager]:   Neo4j - Community (neo4j), version: 2.2.5; revision: 2.2.5:2.2:151/cf9c7fe724d193d2d54c55eb0c82cc9036fc05d6-dirty
2016-04-23 02:45:19.369+0000 INFO  [o.n.k.i.DiagnosticsManager]:   neo4j-udc, version: 2.2.5; revision: 2.2.5:2.2:151/cf9c7fe724d193d2d54c55eb0c82cc9036fc05d6-dirty
2016-04-23 02:45:19.369+0000 INFO  [o.n.k.i.DiagnosticsManager]:   Neo4j - Lucene Index (neo4j-lucene-index), version: 2.2.5; revision: 2.2.5:2.2:151/cf9c7fe724d193d2d54c55eb0c82cc9036fc05d6-dirty
2016-04-23 02:45:19.369+0000 INFO  [o.n.k.i.DiagnosticsManager]:   Neo4j - Server (neo4j-server), version: 2.2.5; revision: 2.2.5:2.2:151/cf9c7fe724d193d2d54c55eb0c82cc9036fc05d6-dirty
2016-04-23 02:45:19.369+0000 INFO  [o.n.k.i.DiagnosticsManager]:   Neo4j - Cypher Compiler 2.0 (neo4j-cypher-compiler-2.0), version: 2.0.4; revision: 2.0.4:2.0-maint:130/4a7d10bc274a5d26a180bbe9df25100e8a694748
2016-04-23 02:45:19.369+0000 INFO  [o.n.k.i.DiagnosticsManager]:   Neo4j - Graph Matching (neo4j-graph-matching), version: 2.2.5; revision: 2.2.5:2.2:151/cf9c7fe724d193d2d54c55eb0c82cc9036fc05d6-dirty
2016-04-23 02:45:19.369+0000 INFO  [o.n.k.i.DiagnosticsManager]:   Neo4j - JMX support (neo4j-jmx), version: 2.2.5; revision: 2.2.5:2.2:151/cf9c7fe724d193d2d54c55eb0c82cc9036fc05d6-dirty
2016-04-23 02:45:19.369+0000 INFO  [o.n.k.i.DiagnosticsManager]:   Neo4j - Cypher (neo4j-cypher), version: 2.2.5; revision: 2.2.5:2.2:151/cf9c7fe724d193d2d54c55eb0c82cc9036fc05d6-dirty
2016-04-23 02:45:19.369+0000 INFO  [o.n.k.i.DiagnosticsManager]:   Neo4j - Graph Algorithms (neo4j-graph-algo), version: 2.2.5; revision: 2.2.5:2.2:151/cf9c7fe724d193d2d54c55eb0c82cc9036fc05d6-dirty
2016-04-23 02:45:19.369+0000 INFO  [o.n.k.i.DiagnosticsManager]: --- STARTED diagnostics for KernelDiagnostics:Versions END ---
2016-04-23 02:45:19.373+0000 INFO  [o.n.k.i.DiagnosticsManager]: --- STARTED diagnostics for NEO_STORE_VERSIONS START ---
2016-04-23 02:45:19.373+0000 INFO  [o.n.k.i.DiagnosticsManager]: Store versions:
2016-04-23 02:45:19.373+0000 INFO  [o.n.k.i.DiagnosticsManager]: Store versions:
2016-04-23 02:45:19.373+0000 INFO  [o.n.k.i.DiagnosticsManager]:   NeoStore v0.A.5
2016-04-23 02:45:19.373+0000 INFO  [o.n.k.i.DiagnosticsManager]:   SchemaStore v0.A.5
2016-04-23 02:45:19.374+0000 INFO  [o.n.k.i.DiagnosticsManager]:   NodeStore v0.A.5
2016-04-23 02:45:19.374+0000 INFO  [o.n.k.i.DiagnosticsManager]:   RelationshipStore v0.A.5
2016-04-23 02:45:19.374+0000 INFO  [o.n.k.i.DiagnosticsManager]:   RelationshipTypeStore v0.A.5
2016-04-23 02:45:19.374+0000 INFO  [o.n.k.i.DiagnosticsManager]:   LabelTokenStore v0.A.5
2016-04-23 02:45:19.374+0000 INFO  [o.n.k.i.DiagnosticsManager]:   PropertyStore v0.A.5
2016-04-23 02:45:19.374+0000 INFO  [o.n.k.i.DiagnosticsManager]:   PropertyIndexStore v0.A.5
2016-04-23 02:45:19.374+0000 INFO  [o.n.k.i.DiagnosticsManager]:   StringPropertyStore v0.A.5
2016-04-23 02:45:19.374+0000 INFO  [o.n.k.i.DiagnosticsManager]:   ArrayPropertyStore v0.A.5
2016-04-23 02:45:19.374+0000 INFO  [o.n.k.i.DiagnosticsManager]:   RelationshipGroupStore v0.A.5
2016-04-23 02:45:19.374+0000 INFO  [o.n.k.i.DiagnosticsManager]: --- STARTED diagnostics for NEO_STORE_VERSIONS END ---
2016-04-23 02:45:19.374+0000 INFO  [o.n.k.i.DiagnosticsManager]: --- STARTED diagnostics for NEO_STORE_ID_USAGE START ---
2016-04-23 02:45:19.374+0000 INFO  [o.n.k.i.DiagnosticsManager]: Id usage:
2016-04-23 02:45:19.374+0000 INFO  [o.n.k.i.DiagnosticsManager]: Id usage:
2016-04-23 02:45:19.374+0000 INFO  [o.n.k.i.DiagnosticsManager]:   SchemaStore: used=8 high=7
2016-04-23 02:45:19.374+0000 INFO  [o.n.k.i.DiagnosticsManager]:   NodeStore: used=27 high=26
2016-04-23 02:45:19.374+0000 INFO  [o.n.k.i.DiagnosticsManager]:   RelationshipStore: used=24 high=23
2016-04-23 02:45:19.375+0000 INFO  [o.n.k.i.DiagnosticsManager]:   RelationshipTypeStore: used=3 high=2
2016-04-23 02:45:19.375+0000 INFO  [o.n.k.i.DiagnosticsManager]:   LabelTokenStore: used=6 high=5
2016-04-23 02:45:19.375+0000 INFO  [o.n.k.i.DiagnosticsManager]:   PropertyStore: used=59 high=58
2016-04-23 02:45:19.375+0000 INFO  [o.n.k.i.DiagnosticsManager]:   PropertyIndexStore: used=13 high=12
2016-04-23 02:45:19.375+0000 INFO  [o.n.k.i.DiagnosticsManager]:   StringPropertyStore: used=6 high=5
2016-04-23 02:45:19.375+0000 INFO  [o.n.k.i.DiagnosticsManager]:   ArrayPropertyStore: used=1 high=0
2016-04-23 02:45:19.375+0000 INFO  [o.n.k.i.DiagnosticsManager]:   RelationshipGroupStore: used=1 high=0
2016-04-23 02:45:19.375+0000 INFO  [o.n.k.i.DiagnosticsManager]: --- STARTED diagnostics for NEO_STORE_ID_USAGE END ---
2016-04-23 02:45:19.376+0000 INFO  [o.n.k.i.DiagnosticsManager]: --- STARTED diagnostics for KernelDiagnostics:StoreFiles START ---
2016-04-23 02:45:19.376+0000 INFO  [o.n.k.i.DiagnosticsManager]: Disk space on partition (Total / Free / Free %): 120120541184 / 5317304320 / 4
Storage files: (filename : modification date - size)
2016-04-23 02:45:19.377+0000 INFO  [o.n.k.i.DiagnosticsManager]:   index:
2016-04-23 02:45:19.377+0000 INFO  [o.n.k.i.DiagnosticsManager]:     lucene:
2016-04-23 02:45:19.377+0000 INFO  [o.n.k.i.DiagnosticsManager]:       relationship:
2016-04-23 02:45:19.377+0000 INFO  [o.n.k.i.DiagnosticsManager]:         __rel_types__:
2016-04-23 02:45:19.377+0000 INFO  [o.n.k.i.DiagnosticsManager]:           _0.fdt: 2016-04-23T10:44:23+0800 - 335.00 B
2016-04-23 02:45:19.378+0000 INFO  [o.n.k.i.DiagnosticsManager]:           _0.fdx: 2016-04-23T10:44:23+0800 - 108.00 B
2016-04-23 02:45:19.378+0000 INFO  [o.n.k.i.DiagnosticsManager]:           _0.fnm: 2016-04-23T10:44:23+0800 - 55.00 B
2016-04-23 02:45:19.378+0000 INFO  [o.n.k.i.DiagnosticsManager]:           _0.frq: 2016-04-23T10:44:23+0800 - 52.00 B
2016-04-23 02:45:19.378+0000 INFO  [o.n.k.i.DiagnosticsManager]:           _0.nrm: 2016-04-23T10:44:23+0800 - 43.00 B
2016-04-23 02:45:19.378+0000 INFO  [o.n.k.i.DiagnosticsManager]:           _0.prx: 2016-04-23T10:44:23+0800 - 52.00 B
2016-04-23 02:45:19.378+0000 INFO  [o.n.k.i.DiagnosticsManager]:           _0.tii: 2016-04-23T10:44:23+0800 - 35.00 B
2016-04-23 02:45:19.378+0000 INFO  [o.n.k.i.DiagnosticsManager]:           _0.tis: 2016-04-23T10:44:23+0800 - 221.00 B
2016-04-23 02:45:19.379+0000 INFO  [o.n.k.i.DiagnosticsManager]:           _1.fdt: 2016-04-23T10:44:24+0800 - 204.00 B
2016-04-23 02:45:19.379+0000 INFO  [o.n.k.i.DiagnosticsManager]:           _1.fdx: 2016-04-23T10:44:24+0800 - 68.00 B
2016-04-23 02:45:19.379+0000 INFO  [o.n.k.i.DiagnosticsManager]:           _1.fnm: 2016-04-23T10:44:24+0800 - 55.00 B
2016-04-23 02:45:19.379+0000 INFO  [o.n.k.i.DiagnosticsManager]:           _1.frq: 2016-04-23T10:44:24+0800 - 32.00 B
2016-04-23 02:45:19.379+0000 INFO  [o.n.k.i.DiagnosticsManager]:           _1.nrm: 2016-04-23T10:44:24+0800 - 28.00 B
2016-04-23 02:45:19.379+0000 INFO  [o.n.k.i.DiagnosticsManager]:           _1.prx: 2016-04-23T10:44:24+0800 - 32.00 B
2016-04-23 02:45:19.379+0000 INFO  [o.n.k.i.DiagnosticsManager]:           _1.tii: 2016-04-23T10:44:24+0800 - 35.00 B
2016-04-23 02:45:19.380+0000 INFO  [o.n.k.i.DiagnosticsManager]:           _1.tis: 2016-04-23T10:44:24+0800 - 153.00 B
2016-04-23 02:45:19.380+0000 INFO  [o.n.k.i.DiagnosticsManager]:           _2.fdt: 2016-04-23T10:44:24+0800 - 91.00 B
2016-04-23 02:45:19.380+0000 INFO  [o.n.k.i.DiagnosticsManager]:           _2.fdx: 2016-04-23T10:44:24+0800 - 28.00 B
2016-04-23 02:45:19.380+0000 INFO  [o.n.k.i.DiagnosticsManager]:           _2.fnm: 2016-04-23T10:44:24+0800 - 55.00 B
2016-04-23 02:45:19.380+0000 INFO  [o.n.k.i.DiagnosticsManager]:           _2.frq: 2016-04-23T10:44:24+0800 - 12.00 B
2016-04-23 02:45:19.381+0000 INFO  [o.n.k.i.DiagnosticsManager]:           _2.nrm: 2016-04-23T10:44:24+0800 - 13.00 B
2016-04-23 02:45:19.381+0000 INFO  [o.n.k.i.DiagnosticsManager]:           _2.prx: 2016-04-23T10:44:24+0800 - 12.00 B
2016-04-23 02:45:19.381+0000 INFO  [o.n.k.i.DiagnosticsManager]:           _2.tii: 2016-04-23T10:44:24+0800 - 35.00 B
2016-04-23 02:45:19.381+0000 INFO  [o.n.k.i.DiagnosticsManager]:           _2.tis: 2016-04-23T10:44:24+0800 - 91.00 B
2016-04-23 02:45:19.381+0000 INFO  [o.n.k.i.DiagnosticsManager]:           segments.gen: 2016-04-23T10:44:24+0800 - 20.00 B
2016-04-23 02:45:19.381+0000 INFO  [o.n.k.i.DiagnosticsManager]:           segments_1: 2016-04-23T10:44:24+0800 - 668.00 B
2016-04-23 02:45:19.381+0000 INFO  [o.n.k.i.DiagnosticsManager]:         - Total: 2016-04-23T10:45:05+0800 - 2.47 kB
2016-04-23 02:45:19.382+0000 INFO  [o.n.k.i.DiagnosticsManager]:       - Total: 2016-04-23T10:45:05+0800 - 2.47 kB
2016-04-23 02:45:19.382+0000 INFO  [o.n.k.i.DiagnosticsManager]:     - Total: 2016-04-23T10:45:05+0800 - 2.47 kB
2016-04-23 02:45:19.382+0000 INFO  [o.n.k.i.DiagnosticsManager]:   - Total: 2016-04-23T10:45:05+0800 - 2.47 kB
2016-04-23 02:45:19.383+0000 INFO  [o.n.k.i.DiagnosticsManager]:   index.db: 2016-04-23T10:44:21+0800 - 119.00 B
2016-04-23 02:45:19.383+0000 INFO  [o.n.k.i.DiagnosticsManager]:   lock: 2016-04-23T10:45:18+0800 - 0.00 B
2016-04-23 02:45:19.383+0000 INFO  [o.n.k.i.DiagnosticsManager]:   messages.log: 2016-04-23T10:45:19+0800 - 88.10 kB
2016-04-23 02:45:19.383+0000 INFO  [o.n.k.i.DiagnosticsManager]:   neostore: 2016-04-23T10:45:18+0800 - 99.00 B
2016-04-23 02:45:19.383+0000 INFO  [o.n.k.i.DiagnosticsManager]:   neostore.counts.db.a: 2016-04-23T10:44:15+0800 - 114.00 B
2016-04-23 02:45:19.384+0000 INFO  [o.n.k.i.DiagnosticsManager]:   neostore.counts.db.b: 2016-04-23T10:44:24+0800 - 1.27 kB
2016-04-23 02:45:19.384+0000 INFO  [o.n.k.i.DiagnosticsManager]:   neostore.id: 2016-04-23T10:45:18+0800 - 9.00 B
2016-04-23 02:45:19.384+0000 INFO  [o.n.k.i.DiagnosticsManager]:   neostore.labeltokenstore.db: 2016-04-23T10:45:17+0800 - 30.00 B
2016-04-23 02:45:19.384+0000 INFO  [o.n.k.i.DiagnosticsManager]:   neostore.labeltokenstore.db.id: 2016-04-23T10:45:17+0800 - 9.00 B
2016-04-23 02:45:19.384+0000 INFO  [o.n.k.i.DiagnosticsManager]:   neostore.labeltokenstore.db.names: 2016-04-23T10:45:17+0800 - 266.00 B
2016-04-23 02:45:19.384+0000 INFO  [o.n.k.i.DiagnosticsManager]:   neostore.labeltokenstore.db.names.id: 2016-04-23T10:45:17+0800 - 9.00 B
2016-04-23 02:45:19.384+0000 INFO  [o.n.k.i.DiagnosticsManager]:   neostore.nodestore.db: 2016-04-23T10:45:18+0800 - 405.00 B
2016-04-23 02:45:19.385+0000 INFO  [o.n.k.i.DiagnosticsManager]:   neostore.nodestore.db.id: 2016-04-23T10:45:18+0800 - 9.00 B
2016-04-23 02:45:19.385+0000 INFO  [o.n.k.i.DiagnosticsManager]:   neostore.nodestore.db.labels: 2016-04-23T10:45:18+0800 - 68.00 B
2016-04-23 02:45:19.385+0000 INFO  [o.n.k.i.DiagnosticsManager]:   neostore.nodestore.db.labels.id: 2016-04-23T10:45:18+0800 - 9.00 B
2016-04-23 02:45:19.385+0000 INFO  [o.n.k.i.DiagnosticsManager]:   neostore.propertystore.db: 2016-04-23T10:45:18+0800 - 2.36 kB
2016-04-23 02:45:19.385+0000 INFO  [o.n.k.i.DiagnosticsManager]:   neostore.propertystore.db.arrays: 2016-04-23T10:45:17+0800 - 128.00 B
2016-04-23 02:45:19.385+0000 INFO  [o.n.k.i.DiagnosticsManager]:   neostore.propertystore.db.arrays.id: 2016-04-23T10:45:18+0800 - 9.00 B
2016-04-23 02:45:19.386+0000 INFO  [o.n.k.i.DiagnosticsManager]:   neostore.propertystore.db.id: 2016-04-23T10:45:18+0800 - 9.00 B
2016-04-23 02:45:19.386+0000 INFO  [o.n.k.i.DiagnosticsManager]:   neostore.propertystore.db.index: 2016-04-23T10:45:17+0800 - 117.00 B
2016-04-23 02:45:19.386+0000 INFO  [o.n.k.i.DiagnosticsManager]:   neostore.propertystore.db.index.id: 2016-04-23T10:45:17+0800 - 9.00 B
2016-04-23 02:45:19.386+0000 INFO  [o.n.k.i.DiagnosticsManager]:   neostore.propertystore.db.index.keys: 2016-04-23T10:45:17+0800 - 532.00 B
2016-04-23 02:45:19.386+0000 INFO  [o.n.k.i.DiagnosticsManager]:   neostore.propertystore.db.index.keys.id: 2016-04-23T10:45:17+0800 - 9.00 B
2016-04-23 02:45:19.386+0000 INFO  [o.n.k.i.DiagnosticsManager]:   neostore.propertystore.db.strings: 2016-04-23T10:45:17+0800 - 768.00 B
2016-04-23 02:45:19.386+0000 INFO  [o.n.k.i.DiagnosticsManager]:   neostore.propertystore.db.strings.id: 2016-04-23T10:45:17+0800 - 9.00 B
2016-04-23 02:45:19.387+0000 INFO  [o.n.k.i.DiagnosticsManager]:   neostore.relationshipgroupstore.db: 2016-04-23T10:45:18+0800 - 25.00 B
2016-04-23 02:45:19.387+0000 INFO  [o.n.k.i.DiagnosticsManager]:   neostore.relationshipgroupstore.db.id: 2016-04-23T10:45:18+0800 - 9.00 B
2016-04-23 02:45:19.387+0000 INFO  [o.n.k.i.DiagnosticsManager]:   neostore.relationshipstore.db: 2016-04-23T10:45:18+0800 - 816.00 B
2016-04-23 02:45:19.387+0000 INFO  [o.n.k.i.DiagnosticsManager]:   neostore.relationshipstore.db.id: 2016-04-23T10:45:18+0800 - 9.00 B
2016-04-23 02:45:19.387+0000 INFO  [o.n.k.i.DiagnosticsManager]:   neostore.relationshiptypestore.db: 2016-04-23T10:45:17+0800 - 15.00 B
2016-04-23 02:45:19.387+0000 INFO  [o.n.k.i.DiagnosticsManager]:   neostore.relationshiptypestore.db.id: 2016-04-23T10:45:17+0800 - 9.00 B
2016-04-23 02:45:19.388+0000 INFO  [o.n.k.i.DiagnosticsManager]:   neostore.relationshiptypestore.db.names: 2016-04-23T10:45:17+0800 - 152.00 B
2016-04-23 02:45:19.388+0000 INFO  [o.n.k.i.DiagnosticsManager]:   neostore.relationshiptypestore.db.names.id: 2016-04-23T10:45:17+0800 - 9.00 B
2016-04-23 02:45:19.388+0000 INFO  [o.n.k.i.DiagnosticsManager]:   neostore.schemastore.db: 2016-04-23T10:45:18+0800 - 512.00 B
2016-04-23 02:45:19.388+0000 INFO  [o.n.k.i.DiagnosticsManager]:   neostore.schemastore.db.id: 2016-04-23T10:45:18+0800 - 9.00 B
2016-04-23 02:45:19.389+0000 INFO  [o.n.k.i.DiagnosticsManager]:   neostore.transaction.db.0: 2016-04-23T10:44:24+0800 - 18.78 kB
2016-04-23 02:45:19.389+0000 INFO  [o.n.k.i.DiagnosticsManager]:   neostore.transaction.db.1: 2016-04-23T10:45:18+0800 - 16.00 B
2016-04-23 02:45:19.389+0000 INFO  [o.n.k.i.DiagnosticsManager]:   schema:
2016-04-23 02:45:19.389+0000 INFO  [o.n.k.i.DiagnosticsManager]:     index:
2016-04-23 02:45:19.389+0000 INFO  [o.n.k.i.DiagnosticsManager]:       lucene:
2016-04-23 02:45:19.389+0000 INFO  [o.n.k.i.DiagnosticsManager]:         1:
2016-04-23 02:45:19.389+0000 INFO  [o.n.k.i.DiagnosticsManager]:           _0.cfs: 2016-04-23T10:44:22+0800 - 303.00 B
2016-04-23 02:45:19.390+0000 INFO  [o.n.k.i.DiagnosticsManager]:           failure-message: 2016-04-23T10:44:20+0800 - 16.00 kB
2016-04-23 02:45:19.390+0000 INFO  [o.n.k.i.DiagnosticsManager]:           segments.gen: 2016-04-23T10:44:24+0800 - 20.00 B
2016-04-23 02:45:19.390+0000 INFO  [o.n.k.i.DiagnosticsManager]:           segments_2: 2016-04-23T10:44:24+0800 - 258.00 B
2016-04-23 02:45:19.390+0000 INFO  [o.n.k.i.DiagnosticsManager]:           write.lock: 2016-04-23T10:45:18+0800 - 0.00 B
2016-04-23 02:45:19.390+0000 INFO  [o.n.k.i.DiagnosticsManager]:         - Total: 2016-04-23T10:45:18+0800 - 16.57 kB
2016-04-23 02:45:19.390+0000 INFO  [o.n.k.i.DiagnosticsManager]:         3:
2016-04-23 02:45:19.391+0000 INFO  [o.n.k.i.DiagnosticsManager]:           _0.cfs: 2016-04-23T10:44:23+0800 - 376.00 B
2016-04-23 02:45:19.391+0000 INFO  [o.n.k.i.DiagnosticsManager]:           failure-message: 2016-04-23T10:44:20+0800 - 16.00 kB
2016-04-23 02:45:19.391+0000 INFO  [o.n.k.i.DiagnosticsManager]:           segments.gen: 2016-04-23T10:44:24+0800 - 20.00 B
2016-04-23 02:45:19.391+0000 INFO  [o.n.k.i.DiagnosticsManager]:           segments_2: 2016-04-23T10:44:24+0800 - 258.00 B
2016-04-23 02:45:19.391+0000 INFO  [o.n.k.i.DiagnosticsManager]:           write.lock: 2016-04-23T10:45:18+0800 - 0.00 B
2016-04-23 02:45:19.392+0000 INFO  [o.n.k.i.DiagnosticsManager]:         - Total: 2016-04-23T10:45:18+0800 - 16.64 kB
2016-04-23 02:45:19.392+0000 INFO  [o.n.k.i.DiagnosticsManager]:         5:
2016-04-23 02:45:19.392+0000 INFO  [o.n.k.i.DiagnosticsManager]:           _0.cfs: 2016-04-23T10:44:23+0800 - 411.00 B
2016-04-23 02:45:19.392+0000 INFO  [o.n.k.i.DiagnosticsManager]:           failure-message: 2016-04-23T10:44:21+0800 - 16.00 kB
2016-04-23 02:45:19.392+0000 INFO  [o.n.k.i.DiagnosticsManager]:           segments.gen: 2016-04-23T10:44:24+0800 - 20.00 B
2016-04-23 02:45:19.392+0000 INFO  [o.n.k.i.DiagnosticsManager]:           segments_2: 2016-04-23T10:44:24+0800 - 258.00 B
2016-04-23 02:45:19.393+0000 INFO  [o.n.k.i.DiagnosticsManager]:           write.lock: 2016-04-23T10:45:18+0800 - 0.00 B
2016-04-23 02:45:19.393+0000 INFO  [o.n.k.i.DiagnosticsManager]:         - Total: 2016-04-23T10:45:18+0800 - 16.67 kB
2016-04-23 02:45:19.393+0000 INFO  [o.n.k.i.DiagnosticsManager]:         6:
2016-04-23 02:45:19.393+0000 INFO  [o.n.k.i.DiagnosticsManager]:           _0.cfs: 2016-04-23T10:44:22+0800 - 910.00 B
2016-04-23 02:45:19.393+0000 INFO  [o.n.k.i.DiagnosticsManager]:           failure-message: 2016-04-23T10:44:21+0800 - 16.00 kB
2016-04-23 02:45:19.393+0000 INFO  [o.n.k.i.DiagnosticsManager]:           segments.gen: 2016-04-23T10:44:24+0800 - 20.00 B
2016-04-23 02:45:19.393+0000 INFO  [o.n.k.i.DiagnosticsManager]:           segments_2: 2016-04-23T10:44:24+0800 - 258.00 B
2016-04-23 02:45:19.394+0000 INFO  [o.n.k.i.DiagnosticsManager]:           write.lock: 2016-04-23T10:45:18+0800 - 0.00 B
2016-04-23 02:45:19.394+0000 INFO  [o.n.k.i.DiagnosticsManager]:         - Total: 2016-04-23T10:45:18+0800 - 17.16 kB
2016-04-23 02:45:19.394+0000 INFO  [o.n.k.i.DiagnosticsManager]:       - Total: 2016-04-23T10:45:05+0800 - 67.04 kB
2016-04-23 02:45:19.394+0000 INFO  [o.n.k.i.DiagnosticsManager]:     - Total: 2016-04-23T10:45:05+0800 - 67.04 kB
2016-04-23 02:45:19.394+0000 INFO  [o.n.k.i.DiagnosticsManager]:     label:
2016-04-23 02:45:19.394+0000 INFO  [o.n.k.i.DiagnosticsManager]:       lucene:
2016-04-23 02:45:19.394+0000 INFO  [o.n.k.i.DiagnosticsManager]:         _2.cfs: 2016-04-23T10:44:23+0800 - 311.00 B
2016-04-23 02:45:19.395+0000 INFO  [o.n.k.i.DiagnosticsManager]:         segments.gen: 2016-04-23T10:44:24+0800 - 20.00 B
2016-04-23 02:45:19.395+0000 INFO  [o.n.k.i.DiagnosticsManager]:         segments_1: 2016-04-23T10:44:24+0800 - 244.00 B
2016-04-23 02:45:19.395+0000 INFO  [o.n.k.i.DiagnosticsManager]:         write.lock: 2016-04-23T10:45:18+0800 - 0.00 B
2016-04-23 02:45:19.395+0000 INFO  [o.n.k.i.DiagnosticsManager]:       - Total: 2016-04-23T10:45:18+0800 - 575.00 B
2016-04-23 02:45:19.395+0000 INFO  [o.n.k.i.DiagnosticsManager]:     - Total: 2016-04-23T10:45:05+0800 - 575.00 B
2016-04-23 02:45:19.395+0000 INFO  [o.n.k.i.DiagnosticsManager]:   - Total: 2016-04-23T10:45:05+0800 - 67.60 kB
2016-04-23 02:45:19.395+0000 INFO  [o.n.k.i.DiagnosticsManager]:   store_lock: 2016-04-23T10:44:14+0800 - 0.00 B
2016-04-23 02:45:19.395+0000 INFO  [o.n.k.i.DiagnosticsManager]: --- STARTED diagnostics for KernelDiagnostics:StoreFiles END ---
2016-04-23 02:45:19.438+0000 INFO  [o.n.k.EmbeddedGraphDatabase]: Database is now ready
2016-04-23 02:45:23.680+0000 WARN  [o.n.k.EmbeddedGraphDatabase]: GC Monitor: Application threads blocked for 235ms.
